This is pdfTeX, Version 3.1415926-2.5-1.40.14 (TeX Live 2013/Debian) (format=pdflatex 2014.3.3)  4 MAY 2014 19:56
entering extended mode
 restricted \write18 enabled.
 %&-line parsing enabled.
**paper.tex
(./paper.tex
LaTeX2e <2011/06/27>
Babel <3.9h> and hyphenation patterns for 78 languages loaded.
(/usr/share/texlive/texmf-dist/tex/latex/base/article.cls
Document Class: article 2007/10/19 v1.4h Standard LaTeX document class
(/usr/share/texlive/texmf-dist/tex/latex/base/size11.clo
File: size11.clo 2007/10/19 v1.4h Standard LaTeX file (size option)
)
\c@part=\count79
\c@section=\count80
\c@subsection=\count81
\c@subsubsection=\count82
\c@paragraph=\count83
\c@subparagraph=\count84
\c@figure=\count85
\c@table=\count86
\abovecaptionskip=\skip41
\belowcaptionskip=\skip42
\bibindent=\dimen102
)
(/usr/share/texlive/texmf-dist/tex/generic/babel/babel.sty
Package: babel 2013/12/03 3.9h The Babel package

(/usr/share/texlive/texmf-dist/tex/generic/babel-english/english.ldf
Language: english 2012/08/20 v3.3p English support from the babel system

(/usr/share/texlive/texmf-dist/tex/generic/babel/babel.def
File: babel.def 2013/12/03 3.9h Babel common definitions
\babel@savecnt=\count87
\U@D=\dimen103
)
\l@canadian = a dialect from \language\l@american 
\l@australian = a dialect from \language\l@british 
\l@newzealand = a dialect from \language\l@british 
))
(/usr/share/texlive/texmf-dist/tex/latex/base/fontenc.sty
Package: fontenc 2005/09/27 v1.99g Standard LaTeX package

(/usr/share/texlive/texmf-dist/tex/latex/base/t1enc.def
File: t1enc.def 2005/09/27 v1.99g Standard LaTeX file
LaTeX Font Info:    Redeclaring font encoding T1 on input line 43.
))
(/usr/share/texlive/texmf-dist/tex/latex/pdfpages/pdfpages.sty
Package: pdfpages 2013/08/25 v0.4v Insert pages of external PDF documents (AM)

(/usr/share/texlive/texmf-dist/tex/latex/base/ifthen.sty
Package: ifthen 2001/05/26 v1.1c Standard LaTeX ifthen package (DPC)
)
(/usr/share/texlive/texmf-dist/tex/latex/tools/calc.sty
Package: calc 2007/08/22 v4.3 Infix arithmetic (KKT,FJ)
\calc@Acount=\count88
\calc@Bcount=\count89
\calc@Adimen=\dimen104
\calc@Bdimen=\dimen105
\calc@Askip=\skip43
\calc@Bskip=\skip44
LaTeX Info: Redefining \setlength on input line 76.
LaTeX Info: Redefining \addtolength on input line 77.
\calc@Ccount=\count90
\calc@Cskip=\skip45
)
(/usr/share/texlive/texmf-dist/tex/latex/eso-pic/eso-pic.sty
Package: eso-pic 2013/10/06 v2.0d eso-pic (RN)

(/usr/share/texlive/texmf-dist/tex/generic/oberdiek/atbegshi.sty
Package: atbegshi 2011/10/05 v1.16 At begin shipout hook (HO)

(/usr/share/texlive/texmf-dist/tex/generic/oberdiek/infwarerr.sty
Package: infwarerr 2010/04/08 v1.3 Providing info/warning/error messages (HO)
)
(/usr/share/texlive/texmf-dist/tex/generic/oberdiek/ltxcmds.sty
Package: ltxcmds 2011/11/09 v1.22 LaTeX kernel commands for general use (HO)
)
(/usr/share/texlive/texmf-dist/tex/generic/oberdiek/ifpdf.sty
Package: ifpdf 2011/01/30 v2.3 Provides the ifpdf switch (HO)
Package ifpdf Info: pdfTeX in PDF mode is detected.
))
(/usr/share/texlive/texmf-dist/tex/latex/graphics/keyval.sty
Package: keyval 1999/03/16 v1.13 key=value parser (DPC)
\KV@toks@=\toks14
)
(/usr/share/texmf/tex/latex/xcolor/xcolor.sty
Package: xcolor 2007/01/21 v2.11 LaTeX color extensions (UK)

(/usr/share/texlive/texmf-dist/tex/latex/latexconfig/color.cfg
File: color.cfg 2007/01/18 v1.5 color configuration of teTeX/TeXLive
)
Package xcolor Info: Driver file: pdftex.def on input line 225.

(/usr/share/texlive/texmf-dist/tex/latex/pdftex-def/pdftex.def
File: pdftex.def 2011/05/27 v0.06d Graphics/color for pdfTeX
\Gread@gobject=\count91
)
Package xcolor Info: Model `cmy' substituted by `cmy0' on input line 1337.
Package xcolor Info: Model `hsb' substituted by `rgb' on input line 1341.
Package xcolor Info: Model `RGB' extended on input line 1353.
Package xcolor Info: Model `HTML' substituted by `rgb' on input line 1355.
Package xcolor Info: Model `Hsb' substituted by `hsb' on input line 1356.
Package xcolor Info: Model `tHsb' substituted by `hsb' on input line 1357.
Package xcolor Info: Model `HSB' substituted by `hsb' on input line 1358.
Package xcolor Info: Model `Gray' substituted by `gray' on input line 1359.
Package xcolor Info: Model `wave' substituted by `hsb' on input line 1360.
))
(/usr/share/texlive/texmf-dist/tex/latex/graphics/graphicx.sty
Package: graphicx 1999/02/16 v1.0f Enhanced LaTeX Graphics (DPC,SPQR)

(/usr/share/texlive/texmf-dist/tex/latex/graphics/graphics.sty
Package: graphics 2009/02/05 v1.0o Standard LaTeX Graphics (DPC,SPQR)

(/usr/share/texlive/texmf-dist/tex/latex/graphics/trig.sty
Package: trig 1999/03/16 v1.09 sin cos tan (DPC)
)
(/usr/share/texlive/texmf-dist/tex/latex/latexconfig/graphics.cfg
File: graphics.cfg 2010/04/23 v1.9 graphics configuration of TeX Live
)
Package graphics Info: Driver file: pdftex.def on input line 91.
)
\Gin@req@height=\dimen106
\Gin@req@width=\dimen107
)
(/usr/share/texlive/texmf-dist/tex/latex/pdfpages/pppdftex.def
File: pppdftex.def 2013/08/25 v0.4v Pdfpages driver for pdfTeX (AM)
)
\AM@pagebox=\box26
\AM@toc@title=\toks15
\c@AM@survey=\count92
\AM@templatesizebox=\box27
)
(/usr/share/texmf/tex/latex/lm/lmodern.sty
Package: lmodern 2009/10/30 v1.6 Latin Modern Fonts
LaTeX Font Info:    Overwriting symbol font `operators' in version `normal'
(Font)                  OT1/cmr/m/n --> OT1/lmr/m/n on input line 22.
LaTeX Font Info:    Overwriting symbol font `letters' in version `normal'
(Font)                  OML/cmm/m/it --> OML/lmm/m/it on input line 23.
LaTeX Font Info:    Overwriting symbol font `symbols' in version `normal'
(Font)                  OMS/cmsy/m/n --> OMS/lmsy/m/n on input line 24.
LaTeX Font Info:    Overwriting symbol font `largesymbols' in version `normal'
(Font)                  OMX/cmex/m/n --> OMX/lmex/m/n on input line 25.
LaTeX Font Info:    Overwriting symbol font `operators' in version `bold'
(Font)                  OT1/cmr/bx/n --> OT1/lmr/bx/n on input line 26.
LaTeX Font Info:    Overwriting symbol font `letters' in version `bold'
(Font)                  OML/cmm/b/it --> OML/lmm/b/it on input line 27.
LaTeX Font Info:    Overwriting symbol font `symbols' in version `bold'
(Font)                  OMS/cmsy/b/n --> OMS/lmsy/b/n on input line 28.
LaTeX Font Info:    Overwriting symbol font `largesymbols' in version `bold'
(Font)                  OMX/cmex/m/n --> OMX/lmex/m/n on input line 29.
LaTeX Font Info:    Overwriting math alphabet `\mathbf' in version `normal'
(Font)                  OT1/cmr/bx/n --> OT1/lmr/bx/n on input line 31.
LaTeX Font Info:    Overwriting math alphabet `\mathsf' in version `normal'
(Font)                  OT1/cmss/m/n --> OT1/lmss/m/n on input line 32.
LaTeX Font Info:    Overwriting math alphabet `\mathit' in version `normal'
(Font)                  OT1/cmr/m/it --> OT1/lmr/m/it on input line 33.
LaTeX Font Info:    Overwriting math alphabet `\mathtt' in version `normal'
(Font)                  OT1/cmtt/m/n --> OT1/lmtt/m/n on input line 34.
LaTeX Font Info:    Overwriting math alphabet `\mathbf' in version `bold'
(Font)                  OT1/cmr/bx/n --> OT1/lmr/bx/n on input line 35.
LaTeX Font Info:    Overwriting math alphabet `\mathsf' in version `bold'
(Font)                  OT1/cmss/bx/n --> OT1/lmss/bx/n on input line 36.
LaTeX Font Info:    Overwriting math alphabet `\mathit' in version `bold'
(Font)                  OT1/cmr/bx/it --> OT1/lmr/bx/it on input line 37.
LaTeX Font Info:    Overwriting math alphabet `\mathtt' in version `bold'
(Font)                  OT1/cmtt/m/n --> OT1/lmtt/m/n on input line 38.
)
(/usr/share/texlive/texmf-dist/tex/latex/base/inputenc.sty
Package: inputenc 2008/03/30 v1.1d Input encoding file
\inpenc@prehook=\toks16
\inpenc@posthook=\toks17

(/usr/share/texlive/texmf-dist/tex/latex/base/utf8.def
File: utf8.def 2008/04/05 v1.1m UTF-8 support for inputenc
Now handling font encoding OML ...
... no UTF-8 mapping file for font encoding OML
Now handling font encoding T1 ...
... processing UTF-8 mapping file for font encoding T1

(/usr/share/texlive/texmf-dist/tex/latex/base/t1enc.dfu
File: t1enc.dfu 2008/04/05 v1.1m UTF-8 support for inputenc
   defining Unicode char U+00A1 (decimal 161)
   defining Unicode char U+00A3 (decimal 163)
   defining Unicode char U+00AB (decimal 171)
   defining Unicode char U+00BB (decimal 187)
   defining Unicode char U+00BF (decimal 191)
   defining Unicode char U+00C0 (decimal 192)
   defining Unicode char U+00C1 (decimal 193)
   defining Unicode char U+00C2 (decimal 194)
   defining Unicode char U+00C3 (decimal 195)
   defining Unicode char U+00C4 (decimal 196)
   defining Unicode char U+00C5 (decimal 197)
   defining Unicode char U+00C6 (decimal 198)
   defining Unicode char U+00C7 (decimal 199)
   defining Unicode char U+00C8 (decimal 200)
   defining Unicode char U+00C9 (decimal 201)
   defining Unicode char U+00CA (decimal 202)
   defining Unicode char U+00CB (decimal 203)
   defining Unicode char U+00CC (decimal 204)
   defining Unicode char U+00CD (decimal 205)
   defining Unicode char U+00CE (decimal 206)
   defining Unicode char U+00CF (decimal 207)
   defining Unicode char U+00D0 (decimal 208)
   defining Unicode char U+00D1 (decimal 209)
   defining Unicode char U+00D2 (decimal 210)
   defining Unicode char U+00D3 (decimal 211)
   defining Unicode char U+00D4 (decimal 212)
   defining Unicode char U+00D5 (decimal 213)
   defining Unicode char U+00D6 (decimal 214)
   defining Unicode char U+00D8 (decimal 216)
   defining Unicode char U+00D9 (decimal 217)
   defining Unicode char U+00DA (decimal 218)
   defining Unicode char U+00DB (decimal 219)
   defining Unicode char U+00DC (decimal 220)
   defining Unicode char U+00DD (decimal 221)
   defining Unicode char U+00DE (decimal 222)
   defining Unicode char U+00DF (decimal 223)
   defining Unicode char U+00E0 (decimal 224)
   defining Unicode char U+00E1 (decimal 225)
   defining Unicode char U+00E2 (decimal 226)
   defining Unicode char U+00E3 (decimal 227)
   defining Unicode char U+00E4 (decimal 228)
   defining Unicode char U+00E5 (decimal 229)
   defining Unicode char U+00E6 (decimal 230)
   defining Unicode char U+00E7 (decimal 231)
   defining Unicode char U+00E8 (decimal 232)
   defining Unicode char U+00E9 (decimal 233)
   defining Unicode char U+00EA (decimal 234)
   defining Unicode char U+00EB (decimal 235)
   defining Unicode char U+00EC (decimal 236)
   defining Unicode char U+00ED (decimal 237)
   defining Unicode char U+00EE (decimal 238)
   defining Unicode char U+00EF (decimal 239)
   defining Unicode char U+00F0 (decimal 240)
   defining Unicode char U+00F1 (decimal 241)
   defining Unicode char U+00F2 (decimal 242)
   defining Unicode char U+00F3 (decimal 243)
   defining Unicode char U+00F4 (decimal 244)
   defining Unicode char U+00F5 (decimal 245)
   defining Unicode char U+00F6 (decimal 246)
   defining Unicode char U+00F8 (decimal 248)
   defining Unicode char U+00F9 (decimal 249)
   defining Unicode char U+00FA (decimal 250)
   defining Unicode char U+00FB (decimal 251)
   defining Unicode char U+00FC (decimal 252)
   defining Unicode char U+00FD (decimal 253)
   defining Unicode char U+00FE (decimal 254)
   defining Unicode char U+00FF (decimal 255)
   defining Unicode char U+0102 (decimal 258)
   defining Unicode char U+0103 (decimal 259)
   defining Unicode char U+0104 (decimal 260)
   defining Unicode char U+0105 (decimal 261)
   defining Unicode char U+0106 (decimal 262)
   defining Unicode char U+0107 (decimal 263)
   defining Unicode char U+010C (decimal 268)
   defining Unicode char U+010D (decimal 269)
   defining Unicode char U+010E (decimal 270)
   defining Unicode char U+010F (decimal 271)
   defining Unicode char U+0110 (decimal 272)
   defining Unicode char U+0111 (decimal 273)
   defining Unicode char U+0118 (decimal 280)
   defining Unicode char U+0119 (decimal 281)
   defining Unicode char U+011A (decimal 282)
   defining Unicode char U+011B (decimal 283)
   defining Unicode char U+011E (decimal 286)
   defining Unicode char U+011F (decimal 287)
   defining Unicode char U+0130 (decimal 304)
   defining Unicode char U+0131 (decimal 305)
   defining Unicode char U+0132 (decimal 306)
   defining Unicode char U+0133 (decimal 307)
   defining Unicode char U+0139 (decimal 313)
   defining Unicode char U+013A (decimal 314)
   defining Unicode char U+013D (decimal 317)
   defining Unicode char U+013E (decimal 318)
   defining Unicode char U+0141 (decimal 321)
   defining Unicode char U+0142 (decimal 322)
   defining Unicode char U+0143 (decimal 323)
   defining Unicode char U+0144 (decimal 324)
   defining Unicode char U+0147 (decimal 327)
   defining Unicode char U+0148 (decimal 328)
   defining Unicode char U+014A (decimal 330)
   defining Unicode char U+014B (decimal 331)
   defining Unicode char U+0150 (decimal 336)
   defining Unicode char U+0151 (decimal 337)
   defining Unicode char U+0152 (decimal 338)
   defining Unicode char U+0153 (decimal 339)
   defining Unicode char U+0154 (decimal 340)
   defining Unicode char U+0155 (decimal 341)
   defining Unicode char U+0158 (decimal 344)
   defining Unicode char U+0159 (decimal 345)
   defining Unicode char U+015A (decimal 346)
   defining Unicode char U+015B (decimal 347)
   defining Unicode char U+015E (decimal 350)
   defining Unicode char U+015F (decimal 351)
   defining Unicode char U+0160 (decimal 352)
   defining Unicode char U+0161 (decimal 353)
   defining Unicode char U+0162 (decimal 354)
   defining Unicode char U+0163 (decimal 355)
   defining Unicode char U+0164 (decimal 356)
   defining Unicode char U+0165 (decimal 357)
   defining Unicode char U+016E (decimal 366)
   defining Unicode char U+016F (decimal 367)
   defining Unicode char U+0170 (decimal 368)
   defining Unicode char U+0171 (decimal 369)
   defining Unicode char U+0178 (decimal 376)
   defining Unicode char U+0179 (decimal 377)
   defining Unicode char U+017A (decimal 378)
   defining Unicode char U+017B (decimal 379)
   defining Unicode char U+017C (decimal 380)
   defining Unicode char U+017D (decimal 381)
   defining Unicode char U+017E (decimal 382)
   defining Unicode char U+200C (decimal 8204)
   defining Unicode char U+2013 (decimal 8211)
   defining Unicode char U+2014 (decimal 8212)
   defining Unicode char U+2018 (decimal 8216)
   defining Unicode char U+2019 (decimal 8217)
   defining Unicode char U+201A (decimal 8218)
   defining Unicode char U+201C (decimal 8220)
   defining Unicode char U+201D (decimal 8221)
   defining Unicode char U+201E (decimal 8222)
   defining Unicode char U+2030 (decimal 8240)
   defining Unicode char U+2031 (decimal 8241)
   defining Unicode char U+2039 (decimal 8249)
   defining Unicode char U+203A (decimal 8250)
   defining Unicode char U+2423 (decimal 9251)
)
Now handling font encoding OT1 ...
... processing UTF-8 mapping file for font encoding OT1

(/usr/share/texlive/texmf-dist/tex/latex/base/ot1enc.dfu
File: ot1enc.dfu 2008/04/05 v1.1m UTF-8 support for inputenc
   defining Unicode char U+00A1 (decimal 161)
   defining Unicode char U+00A3 (decimal 163)
   defining Unicode char U+00B8 (decimal 184)
   defining Unicode char U+00BF (decimal 191)
   defining Unicode char U+00C5 (decimal 197)
   defining Unicode char U+00C6 (decimal 198)
   defining Unicode char U+00D8 (decimal 216)
   defining Unicode char U+00DF (decimal 223)
   defining Unicode char U+00E6 (decimal 230)
   defining Unicode char U+00EC (decimal 236)
   defining Unicode char U+00ED (decimal 237)
   defining Unicode char U+00EE (decimal 238)
   defining Unicode char U+00EF (decimal 239)
   defining Unicode char U+00F8 (decimal 248)
   defining Unicode char U+0131 (decimal 305)
   defining Unicode char U+0141 (decimal 321)
   defining Unicode char U+0142 (decimal 322)
   defining Unicode char U+0152 (decimal 338)
   defining Unicode char U+0153 (decimal 339)
   defining Unicode char U+2013 (decimal 8211)
   defining Unicode char U+2014 (decimal 8212)
   defining Unicode char U+2018 (decimal 8216)
   defining Unicode char U+2019 (decimal 8217)
   defining Unicode char U+201C (decimal 8220)
   defining Unicode char U+201D (decimal 8221)
)
Now handling font encoding OMS ...
... processing UTF-8 mapping file for font encoding OMS

(/usr/share/texlive/texmf-dist/tex/latex/base/omsenc.dfu
File: omsenc.dfu 2008/04/05 v1.1m UTF-8 support for inputenc
   defining Unicode char U+00A7 (decimal 167)
   defining Unicode char U+00B6 (decimal 182)
   defining Unicode char U+00B7 (decimal 183)
   defining Unicode char U+2020 (decimal 8224)
   defining Unicode char U+2021 (decimal 8225)
   defining Unicode char U+2022 (decimal 8226)
)
Now handling font encoding OMX ...
... no UTF-8 mapping file for font encoding OMX
Now handling font encoding U ...
... no UTF-8 mapping file for font encoding U
   defining Unicode char U+00A9 (decimal 169)
   defining Unicode char U+00AA (decimal 170)
   defining Unicode char U+00AE (decimal 174)
   defining Unicode char U+00BA (decimal 186)
   defining Unicode char U+02C6 (decimal 710)
   defining Unicode char U+02DC (decimal 732)
   defining Unicode char U+200C (decimal 8204)
   defining Unicode char U+2026 (decimal 8230)
   defining Unicode char U+2122 (decimal 8482)
   defining Unicode char U+2423 (decimal 9251)
))
(/usr/share/texlive/texmf-dist/tex/latex/eurosym/eurosym.sty
Package: eurosym 1998/08/06 v1.1 European currency symbol ``Euro''
\@eurobox=\box28
)
   defining Unicode char U+20AC (decimal 8364)

(/usr/share/texlive/texmf-dist/tex/latex/csquotes/csquotes.sty
Package: csquotes 2011/10/22 v5.1d context-sensitive quotations

(/usr/share/texlive/texmf-dist/tex/latex/etoolbox/etoolbox.sty
Package: etoolbox 2011/01/03 v2.1 e-TeX tools for LaTeX

(/usr/share/texlive/texmf-dist/tex/latex/etex-pkg/etex.sty
Package: etex 1998/03/26 v2.0 eTeX basic definition package (PEB)
\et@xins=\count93
)
\etb@tempcnta=\count94
)
\csq@reset=\count95
\csq@gtype=\count96
\csq@glevel=\count97
\csq@qlevel=\count98
\csq@maxlvl=\count99
\csq@tshold=\count100
\csq@ltx@everypar=\toks18

(/usr/share/texlive/texmf-dist/tex/latex/csquotes/csquotes.def
File: csquotes.def 2011/10/22 v5.1d csquotes generic definitions
)
Package csquotes Info: Trying to load configuration file 'csquotes.cfg'...
Package csquotes Info: ... configuration file loaded successfully.

(/usr/share/texlive/texmf-dist/tex/latex/csquotes/csquotes.cfg
File: csquotes.cfg 
))
(/usr/share/texlive/texmf-dist/tex/latex/rotating/rotating.sty
Package: rotating 2009/03/28 v2.16a rotated objects in LaTeX
\c@r@tfl@t=\count101
\rotFPtop=\skip46
\rotFPbot=\skip47
\rot@float@box=\box29
\rot@mess@toks=\toks19
)
(/usr/share/texlive/texmf-dist/tex/latex/tools/array.sty
Package: array 2008/09/09 v2.4c Tabular extension package (FMi)
\col@sep=\dimen108
\extrarowheight=\dimen109
\NC@list=\toks20
\extratabsurround=\skip48
\backup@length=\skip49
)
(/usr/share/texlive/texmf-dist/tex/latex/booktabs/booktabs.sty
Package: booktabs 2005/04/14 v1.61803 publication quality tables
\heavyrulewidth=\dimen110
\lightrulewidth=\dimen111
\cmidrulewidth=\dimen112
\belowrulesep=\dimen113
\belowbottomsep=\dimen114
\aboverulesep=\dimen115
\abovetopsep=\dimen116
\cmidrulesep=\dimen117
\cmidrulekern=\dimen118
\defaultaddspace=\dimen119
\@cmidla=\count102
\@cmidlb=\count103
\@aboverulesep=\dimen120
\@belowrulesep=\dimen121
\@thisruleclass=\count104
\@lastruleclass=\count105
\@thisrulewidth=\dimen122
)
(/usr/share/texlive/texmf-dist/tex/latex/tools/longtable.sty
Package: longtable 2004/02/01 v4.11 Multi-page Table package (DPC)
\LTleft=\skip50
\LTright=\skip51
\LTpre=\skip52
\LTpost=\skip53
\LTchunksize=\count106
\LTcapwidth=\dimen123
\LT@head=\box30
\LT@firsthead=\box31
\LT@foot=\box32
\LT@lastfoot=\box33
\LT@cols=\count107
\LT@rows=\count108
\c@LT@tables=\count109
\c@LT@chunks=\count110
\LT@p@ftn=\toks21
)
(/usr/share/texlive/texmf-dist/tex/latex/tabu/tabu.sty
Package: tabu 2011/02/26 v2.8 - flexible LaTeX tabulars (FC)

(/usr/share/texlive/texmf-dist/tex/latex/varwidth/varwidth.sty
Package: varwidth 2009/03/30 ver 0.92;  Variable-width minipages
\@vwid@box=\box34
\sift@deathcycles=\count111
\@vwid@loff=\dimen124
\@vwid@roff=\dimen125
)
\c@taburow=\count112
\tabu@nbcols=\count113
\tabu@cnt=\count114
\tabu@Xcol=\count115
\tabu@alloc=\count116
\tabu@nested=\count117
\tabu@target=\dimen126
\tabu@spreadtarget=\dimen127
\tabu@naturalX=\dimen128
\tabucolX=\dimen129
\tabu@Xsum=\dimen130
\extrarowdepth=\dimen131
\abovetabulinesep=\dimen132
\belowtabulinesep=\dimen133
\tabustrutrule=\dimen134
\tabu@thebody=\toks22
\tabu@footnotes=\toks23
\tabu@box=\box35
\tabu@arstrutbox=\box36
\tabu@hleads=\box37
\tabu@vleads=\box38
\tabu@cellskip=\skip54
)
(/usr/share/texlive/texmf-dist/tex/latex/colortbl/colortbl.sty
Package: colortbl 2012/02/13 v1.0a Color table columns (DPC)
\everycr=\toks24
\minrowclearance=\skip55
)
(/usr/share/texlive/texmf-dist/tex/latex/psnfss/pifont.sty
Package: pifont 2005/04/12 PSNFSS-v9.2a Pi font support (SPQR) 
LaTeX Font Info:    Try loading font information for U+pzd on input line 63.

(/usr/share/texlive/texmf-dist/tex/latex/psnfss/upzd.fd
File: upzd.fd 2001/06/04 font definitions for U/pzd.
)
LaTeX Font Info:    Try loading font information for U+psy on input line 64.

(/usr/share/texlive/texmf-dist/tex/latex/psnfss/upsy.fd
File: upsy.fd 2001/06/04 font definitions for U/psy.
))
(/usr/share/texlive/texmf-dist/tex/latex/forloop/forloop.sty
Package: forloop 2006/09/18 v3.0 For Loops for LaTeX
)
(/usr/share/texlive/texmf-dist/tex/latex/fp/fp.sty
Package: fp 1995/04/02

`Fixed Point Package', Version 0.8, April 2, 1995 (C) Michael Mehlich
(/usr/share/texlive/texmf-dist/tex/latex/fp/defpattern.sty
Package: defpattern 1994/10/12
\actioncount=\count118
)
(/usr/share/texlive/texmf-dist/tex/latex/fp/fp-basic.sty
Package: fp-basic 1996/05/13
\FP@xs=\count119
\FP@xia=\count120
\FP@xib=\count121
\FP@xfa=\count122
\FP@xfb=\count123
\FP@rega=\count124
\FP@regb=\count125
\FP@regs=\count126
\FP@times=\count127
)
(/usr/share/texlive/texmf-dist/tex/latex/fp/fp-addons.sty
Package: fp-addons 1995/03/15
)
(/usr/share/texlive/texmf-dist/tex/latex/fp/fp-snap.sty
Package: fp-snap 1995/04/05
)
(/usr/share/texlive/texmf-dist/tex/latex/fp/fp-exp.sty
Package: fp-exp 1995/04/03
)
(/usr/share/texlive/texmf-dist/tex/latex/fp/fp-trigo.sty
Package: fp-trigo 1995/04/14
)
(/usr/share/texlive/texmf-dist/tex/latex/fp/fp-pas.sty
Package: fp-pas 1994/08/29
)
(/usr/share/texlive/texmf-dist/tex/latex/fp/fp-random.sty
Package: fp-random 1995/02/23
\FPseed=\count128
)
(/usr/share/texlive/texmf-dist/tex/latex/fp/fp-eqn.sty
Package: fp-eqn 1995/04/03
)
(/usr/share/texlive/texmf-dist/tex/latex/fp/fp-upn.sty
Package: fp-upn 1996/10/21
)
(/usr/share/texlive/texmf-dist/tex/latex/fp/fp-eval.sty
Package: fp-eval 1995/04/03
))
(/usr/share/texlive/texmf-dist/tex/latex/caption/caption.sty
Package: caption 2013/05/02 v3.3-89 Customizing captions (AR)

(/usr/share/texlive/texmf-dist/tex/latex/caption/caption3.sty
Package: caption3 2013/05/02 v1.6-88 caption3 kernel (AR)
Package caption3 Info: TeX engine: e-TeX on input line 57.
\captionmargin=\dimen135
\captionmargin@=\dimen136
\captionwidth=\dimen137
\caption@tempdima=\dimen138
\caption@indent=\dimen139
\caption@parindent=\dimen140
\caption@hangindent=\dimen141
)
\c@ContinuedFloat=\count129
Package caption Info: longtable package is loaded.

(/usr/share/texlive/texmf-dist/tex/latex/caption/ltcaption.sty
Package: ltcaption 2013/02/03 v1.3-62 longtable captions (AR)
)
Package caption Info: rotating package is loaded.
)
(/usr/share/texlive/texmf-dist/tex/latex/caption/subcaption.sty
Package: subcaption 2013/02/03 v1.1-62 Sub-captions (AR)
\c@subfigure=\count130
\c@subtable=\count131
)
(/usr/share/texlive/texmf-dist/tex/latex/float/float.sty
Package: float 2001/11/08 v1.3d Float enhancements (AL)
\c@float@type=\count132
\float@exts=\toks25
\float@box=\box39
\@float@everytoks=\toks26
\@floatcapt=\box40
)
(/usr/share/texlive/texmf-dist/tex/latex/amsmath/amsmath.sty
Package: amsmath 2013/01/14 v2.14 AMS math features
\@mathmargin=\skip56

For additional information on amsmath, use the `?' option.
(/usr/share/texlive/texmf-dist/tex/latex/amsmath/amstext.sty
Package: amstext 2000/06/29 v2.01

(/usr/share/texlive/texmf-dist/tex/latex/amsmath/amsgen.sty
File: amsgen.sty 1999/11/30 v2.0
\@emptytoks=\toks27
\ex@=\dimen142
))
(/usr/share/texlive/texmf-dist/tex/latex/amsmath/amsbsy.sty
Package: amsbsy 1999/11/29 v1.2d
\pmbraise@=\dimen143
)
(/usr/share/texlive/texmf-dist/tex/latex/amsmath/amsopn.sty
Package: amsopn 1999/12/14 v2.01 operator names
)
\inf@bad=\count133
LaTeX Info: Redefining \frac on input line 210.
\uproot@=\count134
\leftroot@=\count135
LaTeX Info: Redefining \overline on input line 306.
\classnum@=\count136
\DOTSCASE@=\count137
LaTeX Info: Redefining \ldots on input line 378.
LaTeX Info: Redefining \dots on input line 381.
LaTeX Info: Redefining \cdots on input line 466.
\Mathstrutbox@=\box41
\strutbox@=\box42
\big@size=\dimen144
LaTeX Font Info:    Redeclaring font encoding OML on input line 566.
LaTeX Font Info:    Redeclaring font encoding OMS on input line 567.
\macc@depth=\count138
\c@MaxMatrixCols=\count139
\dotsspace@=\muskip10
\c@parentequation=\count140
\dspbrk@lvl=\count141
\tag@help=\toks28
\row@=\count142
\column@=\count143
\maxfields@=\count144
\andhelp@=\toks29
\eqnshift@=\dimen145
\alignsep@=\dimen146
\tagshift@=\dimen147
\tagwidth@=\dimen148
\totwidth@=\dimen149
\lineht@=\dimen150
\@envbody=\toks30
\multlinegap=\skip57
\multlinetaggap=\skip58
\mathdisplay@stack=\toks31
LaTeX Info: Redefining \[ on input line 2665.
LaTeX Info: Redefining \] on input line 2666.
)
(/usr/share/texlive/texmf-dist/tex/latex/amsfonts/amssymb.sty
Package: amssymb 2013/01/14 v3.01 AMS font symbols

(/usr/share/texlive/texmf-dist/tex/latex/amsfonts/amsfonts.sty
Package: amsfonts 2013/01/14 v3.01 Basic AMSFonts support
\symAMSa=\mathgroup4
\symAMSb=\mathgroup5
LaTeX Font Info:    Overwriting math alphabet `\mathfrak' in version `bold'
(Font)                  U/euf/m/n --> U/euf/b/n on input line 106.
))
(/usr/share/texlive/texmf-dist/tex/latex/amscls/amsthm.sty
Package: amsthm 2004/08/06 v2.20
\thm@style=\toks32
\thm@bodyfont=\toks33
\thm@headfont=\toks34
\thm@notefont=\toks35
\thm@headpunct=\toks36
\thm@preskip=\skip59
\thm@postskip=\skip60
\thm@headsep=\skip61
\dth@everypar=\toks37
)
\c@definition=\count145

(/usr/share/texlive/texmf-dist/tex/latex/parskip/parskip.sty
Package: parskip 2001/04/09 non-zero parskip adjustments
)
(/usr/share/texlive/texmf-dist/tex/latex/frankenstein/newclude.sty
Package: newclude 1999/11/02 v2 A new system for including files (Frankenstein'
s backbone)

(/usr/share/texlive/texmf-dist/tex/latex/frankenstein/moredefs.sty
Package: moredefs 2001/08/31 v1.8 more defining commands (Frankenstein's brain)

\sc@toks@a=\toks38
\sc@toks@b=\toks39
)
\nc@toks@a=\toks40
\c@IncludeDepth=\count146
)
(/usr/share/texlive/texmf-dist/tex/latex/frankenstein/tag.sto)
\c@starnumber=\count147

(/usr/share/texlive/texmf-dist/tex/latex/biblatex/biblatex.sty
Package: biblatex 2013/11/25 v2.8a programmable bibliographies (PK/JW/AB)


Package biblatex Warning: No "backend" specified, using Biber backend.
(biblatex)                To use BibTeX, load biblatex with 
(biblatex)                the "backend=bibtex" option.

(/usr/share/texlive/texmf-dist/tex/latex/biblatex/biblatex2.sty
Package: biblatex2 2013/11/25 v2.8a programmable bibliographies (biber) (PK/JW/
AB)

(/usr/share/texlive/texmf-dist/tex/latex/oberdiek/kvoptions.sty
Package: kvoptions 2011/06/30 v3.11 Key value format for package options (HO)

(/usr/share/texlive/texmf-dist/tex/generic/oberdiek/kvsetkeys.sty
Package: kvsetkeys 2012/04/25 v1.16 Key value parser (HO)

(/usr/share/texlive/texmf-dist/tex/generic/oberdiek/etexcmds.sty
Package: etexcmds 2011/02/16 v1.5 Avoid name clashes with e-TeX commands (HO)

(/usr/share/texlive/texmf-dist/tex/generic/oberdiek/ifluatex.sty
Package: ifluatex 2010/03/01 v1.3 Provides the ifluatex switch (HO)
Package ifluatex Info: LuaTeX not detected.
)
Package etexcmds Info: Could not find \expanded.
(etexcmds)             That can mean that you are not using pdfTeX 1.50 or
(etexcmds)             that some package has redefined \expanded.
(etexcmds)             In the latter case, load this package earlier.
)))
(/usr/share/texlive/texmf-dist/tex/latex/logreq/logreq.sty
Package: logreq 2010/08/04 v1.0 xml request logger
\lrq@indent=\count148

(/usr/share/texlive/texmf-dist/tex/latex/logreq/logreq.def
File: logreq.def 2010/08/04 v1.0 logreq spec v1.0
))
(/usr/share/texlive/texmf-dist/tex/latex/url/url.sty
\Urlmuskip=\muskip11
Package: url 2013/09/16  ver 3.4  Verb mode for urls, etc.
)
\c@tabx@nest=\count149
\c@listtotal=\count150
\c@listcount=\count151
\c@liststart=\count152
\c@liststop=\count153
\c@citecount=\count154
\c@citetotal=\count155
\c@multicitecount=\count156
\c@multicitetotal=\count157
\c@instcount=\count158
\c@maxnames=\count159
\c@minnames=\count160
\c@maxitems=\count161
\c@minitems=\count162
\c@citecounter=\count163
\c@savedcitecounter=\count164
\c@uniquelist=\count165
\c@uniquename=\count166
\c@refsection=\count167
\c@refsegment=\count168
\c@maxextratitle=\count169
\c@maxextratitleyear=\count170
\c@maxextrayear=\count171
\c@maxextraalpha=\count172
\c@abbrvpenalty=\count173
\c@highnamepenalty=\count174
\c@lownamepenalty=\count175
\c@maxparens=\count176
\c@parenlevel=\count177
\blx@tempcnta=\count178
\blx@tempcntb=\count179
\blx@tempcntc=\count180
\blx@maxsection=\count181
\blx@maxsegment@0=\count182
\blx@notetype=\count183
\blx@parenlevel@text=\count184
\blx@parenlevel@foot=\count185
\blx@sectionciteorder@0=\count186
\labelnumberwidth=\skip62
\labelalphawidth=\skip63
\shorthandwidth=\skip64
\biblabelsep=\skip65
\bibitemsep=\skip66
\bibnamesep=\skip67
\bibinitsep=\skip68
\bibparsep=\skip69
\bibhang=\skip70
\blx@bcfin=\read1
\blx@bcfout=\write3
\c@mincomprange=\count187
\c@maxcomprange=\count188
\c@mincompwidth=\count189
Package biblatex Info: Trying to load biblatex default data model...
Package biblatex Info: ... file 'blx-dm.def' found.

(/usr/share/texlive/texmf-dist/tex/latex/biblatex/blx-dm.def)
Package biblatex Info: Trying to load biblatex custom data model...
Package biblatex Info: ... file 'biblatex-dm.cfg' not found.
\c@afterword=\count190
\c@savedafterword=\count191
\c@annotator=\count192
\c@savedannotator=\count193
\c@author=\count194
\c@savedauthor=\count195
\c@bookauthor=\count196
\c@savedbookauthor=\count197
\c@commentator=\count198
\c@savedcommentator=\count199
\c@editor=\count200
\c@savededitor=\count201
\c@editora=\count202
\c@savededitora=\count203
\c@editorb=\count204
\c@savededitorb=\count205
\c@editorc=\count206
\c@savededitorc=\count207
\c@foreword=\count208
\c@savedforeword=\count209
\c@holder=\count210
\c@savedholder=\count211
\c@introduction=\count212
\c@savedintroduction=\count213
\c@namea=\count214
\c@savednamea=\count215
\c@nameb=\count216
\c@savednameb=\count217
\c@namec=\count218
\c@savednamec=\count219
\c@shortauthor=\count220
\c@savedshortauthor=\count221
\c@shorteditor=\count222
\c@savedshorteditor=\count223
\c@translator=\count224
\c@savedtranslator=\count225
\c@labelname=\count226
\c@savedlabelname=\count227
\c@institution=\count228
\c@savedinstitution=\count229
\c@lista=\count230
\c@savedlista=\count231
\c@listb=\count232
\c@savedlistb=\count233
Normal \count register pool exhausted, switching to extended pool.
\c@listc=\count277
\c@savedlistc=\count278
\c@listd=\count279
\c@savedlistd=\count280
\c@liste=\count281
\c@savedliste=\count282
\c@listf=\count283
\c@savedlistf=\count284
\c@location=\count285
\c@savedlocation=\count286
\c@organization=\count287
\c@savedorganization=\count288
\c@origlocation=\count289
\c@savedoriglocation=\count290
\c@origpublisher=\count291
\c@savedorigpublisher=\count292
\c@publisher=\count293
\c@savedpublisher=\count294
\c@language=\count295
\c@savedlanguage=\count296
\c@pageref=\count297
\c@savedpageref=\count298
Package biblatex Info: Trying to load compatibility code...
Package biblatex Info: ... file 'blx-compat.def' found.

(/usr/share/texlive/texmf-dist/tex/latex/biblatex/blx-compat.def
File: blx-compat.def 2013/11/25 v2.8a biblatex compatibility (PK/JW/AB)
)
Package biblatex Info: Trying to load generic definitions...
Package biblatex Info: ... file 'biblatex.def' found.

(/usr/share/texlive/texmf-dist/tex/latex/biblatex/biblatex.def
File: biblatex.def 
\c@textcitecount=\count299
\c@textcitetotal=\count300
\c@textcitemaxnames=\count301
\c@biburlnumpenalty=\count302
\c@biburlucpenalty=\count303
\c@biburllcpenalty=\count304
\c@smartand=\count305
)
Package biblatex Info: Trying to load bibliography style 'numeric'...
Package biblatex Info: ... file 'numeric.bbx' found.

(/usr/share/texlive/texmf-dist/tex/latex/biblatex/bbx/numeric.bbx
File: numeric.bbx 2013/11/25 v2.8a biblatex bibliography style (PK/JW/AB)
Package biblatex Info: Trying to load bibliography style 'standard'...
Package biblatex Info: ... file 'standard.bbx' found.

(/usr/share/texlive/texmf-dist/tex/latex/biblatex/bbx/standard.bbx
File: standard.bbx 2013/11/25 v2.8a biblatex bibliography style (PK/JW/AB)
\c@bbx:relatedcount=\count306
\c@bbx:relatedtotal=\count307
))
Package biblatex Info: Trying to load citation style 'numeric'...
Package biblatex Info: ... file 'numeric.cbx' found.

(/usr/share/texlive/texmf-dist/tex/latex/biblatex/cbx/numeric.cbx
File: numeric.cbx 2013/11/25 v2.8a biblatex citation style (PK/JW/AB)
Package biblatex Info: Redefining '\cite'.
Package biblatex Info: Redefining '\parencite'.
Package biblatex Info: Redefining '\footcite'.
Package biblatex Info: Redefining '\footcitetext'.
Package biblatex Info: Redefining '\smartcite'.
Package biblatex Info: Redefining '\supercite'.
Package biblatex Info: Redefining '\textcite'.
Package biblatex Info: Redefining '\textcites'.
Package biblatex Info: Redefining '\cites'.
Package biblatex Info: Redefining '\parencites'.
Package biblatex Info: Redefining '\smartcites'.
)
Package biblatex Info: Trying to load configuration file...
Package biblatex Info: ... file 'biblatex.cfg' found.

(/usr/share/texlive/texmf-dist/tex/latex/biblatex/biblatex.cfg
File: biblatex.cfg 
)))
Package csquotes Info: Checking for multilingual support...
Package csquotes Info: ... found 'babel' package.
Package csquotes Info: Adjusting default style.
Package csquotes Info: Redefining alias 'default' -> 'english'.
Package biblatex Info: Trying to load language 'english'...
Package biblatex Info: ... file 'english.lbx' found.

(/usr/share/texlive/texmf-dist/tex/latex/biblatex/lbx/english.lbx
File: english.lbx 2013/11/25 v2.8a biblatex localization (PK/JW/AB)
) (./paper.aux

LaTeX Warning: Label `tbl:arduinorobot_eval' multiply defined.

)
\openout1 = `paper.aux'.

LaTeX Font Info:    Checking defaults for OML/cmm/m/it on input line 71.
LaTeX Font Info:    ... okay on input line 71.
LaTeX Font Info:    Checking defaults for T1/cmr/m/n on input line 71.
LaTeX Font Info:    ... okay on input line 71.
LaTeX Font Info:    Checking defaults for OT1/cmr/m/n on input line 71.
LaTeX Font Info:    ... okay on input line 71.
LaTeX Font Info:    Checking defaults for OMS/cmsy/m/n on input line 71.
LaTeX Font Info:    ... okay on input line 71.
LaTeX Font Info:    Checking defaults for OMX/cmex/m/n on input line 71.
LaTeX Font Info:    ... okay on input line 71.
LaTeX Font Info:    Checking defaults for U/cmr/m/n on input line 71.
LaTeX Font Info:    ... okay on input line 71.
LaTeX Font Info:    Try loading font information for T1+lmr on input line 71.
 (/usr/share/texmf/tex/latex/lm/t1lmr.fd
File: t1lmr.fd 2009/10/30 v1.6 Font defs for Latin Modern
)
\AtBeginShipoutBox=\box43

(/usr/share/texlive/texmf-dist/tex/context/base/supp-pdf.mkii
[Loading MPS to PDF converter (version 2006.09.02).]
\scratchcounter=\count308
\scratchdimen=\dimen151
\scratchbox=\box44
\nofMPsegments=\count309
\nofMParguments=\count310
\everyMPshowfont=\toks41
\MPscratchCnt=\count311
\MPscratchDim=\dimen152
\MPnumerator=\count312
\makeMPintoPDFobject=\count313
\everyMPtoPDFconversion=\toks42
) (/usr/share/texlive/texmf-dist/tex/generic/oberdiek/pdftexcmds.sty
Package: pdftexcmds 2011/11/29 v0.20 Utility functions of pdfTeX for LuaTeX (HO
)
Package pdftexcmds Info: LuaTeX not detected.
Package pdftexcmds Info: \pdf@primitive is available.
Package pdftexcmds Info: \pdf@ifprimitive is available.
Package pdftexcmds Info: \pdfdraftmode found.
)
(/usr/share/texlive/texmf-dist/tex/latex/oberdiek/epstopdf-base.sty
Package: epstopdf-base 2010/02/09 v2.5 Base part for package epstopdf

(/usr/share/texlive/texmf-dist/tex/latex/oberdiek/grfext.sty
Package: grfext 2010/08/19 v1.1 Manage graphics extensions (HO)

(/usr/share/texlive/texmf-dist/tex/generic/oberdiek/kvdefinekeys.sty
Package: kvdefinekeys 2011/04/07 v1.3 Define keys (HO)
))
Package grfext Info: Graphics extension search list:
(grfext)             [.png,.pdf,.jpg,.mps,.jpeg,.jbig2,.jb2,.PNG,.PDF,.JPG,.JPE
G,.JBIG2,.JB2,.eps]
(grfext)             \AppendGraphicsExtensions on input line 452.

(/usr/share/texlive/texmf-dist/tex/latex/latexconfig/epstopdf-sys.cfg
File: epstopdf-sys.cfg 2010/07/13 v1.3 Configuration of (r)epstopdf for TeX Liv
e
))
Package caption Info: Begin \AtBeginDocument code.
Package caption Info: float package is loaded.
Package caption Info: End \AtBeginDocument code.
Package biblatex Info: Input encoding 'utf8' detected.
Package biblatex Info: Automatic encoding selection.
(biblatex)             Assuming data encoding 'utf8'.
\openout3 = `paper.bcf'.

Package biblatex Info: Trying to load bibliographic data...
Package biblatex Info: ... file 'paper.bbl' found.

(./paper.bbl)
Package biblatex Info: Reference section=0 on input line 71.
Package biblatex Info: Reference segment=0 on input line 71.
LaTeX Font Info:    Try loading font information for OT1+lmr on input line 73.
 (/usr/share/texmf/tex/latex/lm/ot1lmr.fd
File: ot1lmr.fd 2009/10/30 v1.6 Font defs for Latin Modern
)
LaTeX Font Info:    Try loading font information for OML+lmm on input line 73.

(/usr/share/texmf/tex/latex/lm/omllmm.fd
File: omllmm.fd 2009/10/30 v1.6 Font defs for Latin Modern
)
LaTeX Font Info:    Try loading font information for OMS+lmsy on input line 73.


(/usr/share/texmf/tex/latex/lm/omslmsy.fd
File: omslmsy.fd 2009/10/30 v1.6 Font defs for Latin Modern
)
LaTeX Font Info:    Try loading font information for OMX+lmex on input line 73.


(/usr/share/texmf/tex/latex/lm/omxlmex.fd
File: omxlmex.fd 2009/10/30 v1.6 Font defs for Latin Modern
)
LaTeX Font Info:    External font `lmex10' loaded for size
(Font)              <12> on input line 73.
LaTeX Font Info:    External font `lmex10' loaded for size
(Font)              <8> on input line 73.
LaTeX Font Info:    External font `lmex10' loaded for size
(Font)              <6> on input line 73.
LaTeX Font Info:    Try loading font information for U+msa on input line 73.

(/usr/share/texlive/texmf-dist/tex/latex/amsfonts/umsa.fd
File: umsa.fd 2013/01/14 v3.01 AMS symbols A
)
LaTeX Font Info:    Try loading font information for U+msb on input line 73.

(/usr/share/texlive/texmf-dist/tex/latex/amsfonts/umsb.fd
File: umsb.fd 2013/01/14 v3.01 AMS symbols B
)
Overfull \hbox (5.41685pt too wide) in paragraph at lines 84--85
\T1/lmr/m/n/10 fungskosten, Er-weit-er-barkeit und geringe Kom-plex-ität sind n
ur zu Teilen
 []


Overfull \hbox (31.86159pt too wide) in paragraph at lines 88--89
\T1/lmr/m/n/10 tfor-men angewen-de-ten Eval-u-a-tion-skri-te-rien zeigen eine d
eut-liche Verbesserung
 []

[1

{/var/lib/texmf/fonts/map/pdftex/updmap/pdftex.map}]
LaTeX Font Info:    External font `lmex10' loaded for size
(Font)              <10.95> on input line 109.
LaTeX Font Info:    External font `lmex10' loaded for size
(Font)              <9> on input line 109.
LaTeX Font Info:    External font `lmex10' loaded for size
(Font)              <5> on input line 109.
LaTeX Font Info:    Try loading font information for T1+lmtt on input line 109.


(/usr/share/texmf/tex/latex/lm/t1lmtt.fd
File: t1lmtt.fd 2009/10/30 v1.6 Font defs for Latin Modern
) [2]
Overfull \hbox (10.2006pt too wide) in paragraph at lines 118--119
\T1/lmr/m/n/10.95 Documentation, learn-ing ma-te-ri-als and sug-ges-tions for l
essons are needed
 []

[3] [4] <images/asuro.jpg, id=23, 1096.095pt x 1023.825pt>
File: images/asuro.jpg Graphic file (type jpg)

<use images/asuro.jpg>
Package pdftex.def Info: images/asuro.jpg used on input line 143.
(pdftex.def)             Requested size: 180.0pt x 168.12709pt.
 [5 <./images/asuro.jpg>]
Underfull \hbox (badness 10000) in paragraph at lines 158--158
[]|\T1/lmr/m/n/10.95 Assessment
 []


Underfull \hbox (badness 6978) in paragraph at lines 165--166
\T1/lmr/m/n/10.95 which is tran-si-tioned into a Creative-
 []


Overfull \hbox (36.0pt too wide) in alignment at lines 156--169
 [] [] [] 
 []


Underfull \vbox (badness 10000) detected at line 169
 []

[6] <images/arduinorobot.jpg, id=31, 489.32813pt x 306.39468pt>
File: images/arduinorobot.jpg Graphic file (type jpg)

<use images/arduinorobot.jpg>
Package pdftex.def Info: images/arduinorobot.jpg used on input line 176.
(pdftex.def)             Requested size: 180.0pt x 112.70973pt.
 [7 <./images/arduinorobot.jpg>]
Underfull \hbox (badness 10000) in paragraph at lines 189--189
[]|\T1/lmr/m/n/10.95 Assessment
 []


Overfull \hbox (36.0pt too wide) in alignment at lines 187--200
 [] [] [] 
 []


Underfull \vbox (badness 10000) detected at line 200
 []

[8] <images/mindstorms.jpg, id=40, 449.68pt x 381.425pt>
File: images/mindstorms.jpg Graphic file (type jpg)

<use images/mindstorms.jpg>
Package pdftex.def Info: images/mindstorms.jpg used on input line 207.
(pdftex.def)             Requested size: 180.0pt x 152.67787pt.

Underfull \hbox (badness 10000) in paragraph at lines 208--208
[]\T1/lmr/m/n/10.95 Figure 3: |Pic-ture of the LEGO Mind-storms NXT (from
 []

[9]
Overfull \hbox (3.5698pt too wide) in paragraph at lines 215--216
\T1/lmr/m/n/10.95 Lithium-Ion bat-tery with in-te-grated charger which can be s
ep-a-rately brought.
 []


Underfull \hbox (badness 10000) in paragraph at lines 224--224
[]|\T1/lmr/m/n/10.95 Assessment
 []


Overfull \hbox (36.0pt too wide) in alignment at lines 222--235
 [] [] [] 
 []


Underfull \vbox (badness 10000) detected at line 235
 []

[10 <./images/mindstorms.jpg>]
<images/thymioii.jpg, id=47, 1204.5pt x 903.375pt>
File: images/thymioii.jpg Graphic file (type jpg)
 <use images/thymioii.jpg>
Package pdftex.def Info: images/thymioii.jpg used on input line 242.
(pdftex.def)             Requested size: 180.0pt x 134.99037pt.

Underfull \hbox (badness 10000) in paragraph at lines 243--243
[]\T1/lmr/m/n/10.95 Figure 4: |Pic-ture of the Thymio II (from
 []

[11]
Underfull \hbox (badness 10000) in paragraph at lines 255--255
[]|\T1/lmr/m/n/10.95 Assessment
 []


Overfull \hbox (36.0pt too wide) in alignment at lines 253--266
 [] [] [] 
 []


Underfull \vbox (badness 10000) detected at line 266
 []

[12 <./images/thymioii.jpg>] [13]
<images/30_ballcaster.jpg, id=58, 754.82pt x 605.26125pt>
File: images/30_ballcaster.jpg Graphic file (type jpg)

<use images/30_ballcaster.jpg>
Package pdftex.def Info: images/30_ballcaster.jpg used on input line 279.
(pdftex.def)             Requested size: 180.0pt x 144.33287pt.
 [14 <./images/30_ballcaster.jpg>]
<images/30_dcmotor.jpg, id=62, 623.32875pt x 499.8675pt>
File: images/30_dcmotor.jpg Graphic file (type jpg)

<use images/30_dcmotor.jpg>
Package pdftex.def Info: images/30_dcmotor.jpg used on input line 294.
(pdftex.def)             Requested size: 155.51755pt x 124.71486pt.

<images/30_gearboxmotor.jpg, id=63, 846.16125pt x 676.5275pt>
File: images/30_gearboxmotor.jpg Graphic file (type jpg)

<use images/30_gearboxmotor.jpg>
Package pdftex.def Info: images/30_gearboxmotor.jpg used on input line 299.
(pdftex.def)             Requested size: 155.51755pt x 124.3401pt.

<images/30_speedsensor.jpg, id=64, 782.925pt x 626.34pt>
File: images/30_speedsensor.jpg Graphic file (type jpg)

<use images/30_speedsensor.jpg>
Package pdftex.def Info: images/30_speedsensor.jpg used on input line 309.
(pdftex.def)             Requested size: 180.0pt x 143.99782pt.
 [15 <./images/30_dcmotor.jpg> <./images/30_gearboxmotor.jpg>]
Underfull \hbox (badness 3168) in paragraph at lines 321--322
[]|\T1/lmr/m/n/10.95 Motor speed con-trol us-ing pulse-
 []

[16 <./images/30_speedsensor.jpg>] [17]
<images/mecanum.png, id=74, 298.76567pt x 145.28505pt>
File: images/mecanum.png Graphic file (type png)

<use images/mecanum.png>
Package pdftex.def Info: images/mecanum.png used on input line 363.
(pdftex.def)             Requested size: 180.0pt x 87.53526pt.

Underfull \hbox (badness 10000) in paragraph at lines 364--364
[]\T1/lmr/m/n/10.95 Figure 8: |Screen-shot of a mecanum wheel 3D model (from
 []

<images/omniwheel.jpg, id=75, 394.47375pt x 362.10281pt>
File: images/omniwheel.jpg Graphic file (type jpg)

<use images/omniwheel.jpg>
Package pdftex.def Info: images/omniwheel.jpg used on input line 373.
(pdftex.def)             Requested size: 180.0pt x 165.22667pt.

Underfull \hbox (badness 10000) in paragraph at lines 374--374
[]\T1/lmr/m/n/10.95 Figure 9: |Con-trol scheme of a omni wheel (from
 []

[18 <./images/mecanum.png> <./images/omniwheel.jpg>]
<images/30_ir.jpg, id=79, 842.14626pt x 674.52pt>
File: images/30_ir.jpg Graphic file (type jpg)
 <use images/30_ir.jpg>
Package pdftex.def Info: images/30_ir.jpg used on input line 390.
(pdftex.def)             Requested size: 180.0pt x 144.1647pt.

[19 <./images/30_ir.jpg>]
<images/30_proximity_front.jpg, id=84, 511.9125pt x 410.53375pt>
File: images/30_proximity_front.jpg Graphic file (type jpg)

<use images/30_proximity_front.jpg>
Package pdftex.def Info: images/30_proximity_front.jpg used on input line 405.
(pdftex.def)             Requested size: 155.51755pt x 124.7146pt.

<images/30_proximity_back.jpg, id=85, 878.28125pt x 702.625pt>
File: images/30_proximity_back.jpg Graphic file (type jpg)

<use images/30_proximity_back.jpg>
Package pdftex.def Info: images/30_proximity_back.jpg used on input line 410.
(pdftex.def)             Requested size: 155.51755pt x 124.40857pt.
 [20 <./images/30_proximity_front.jpg> <./images/30_proximity_back.jpg>]
<images/30_ultrasonic.jpg, id=89, 444.66125pt x 354.32375pt>
File: images/30_ultrasonic.jpg Graphic file (type jpg)

<use images/30_ultrasonic.jpg>
Package pdftex.def Info: images/30_ultrasonic.jpg used on input line 425.
(pdftex.def)             Requested size: 180.0pt x 143.43004pt.
 [21 <./images/30_ultrasonic.jpg>]
<images/30_compass.jpg, id=93, 609.27625pt x 488.82625pt>
File: images/30_compass.jpg Graphic file (type jpg)

<use images/30_compass.jpg>
Package pdftex.def Info: images/30_compass.jpg used on input line 450.
(pdftex.def)             Requested size: 180.0pt x 144.41133pt.
 [22] [23 <./images/30_compass.jpg>]
<images/30_irdiodes.jpg, id=100, 747.79375pt x 599.23875pt>
File: images/30_irdiodes.jpg Graphic file (type jpg)

<use images/30_irdiodes.jpg>
Package pdftex.def Info: images/30_irdiodes.jpg used on input line 472.
(pdftex.def)             Requested size: 155.51755pt x 124.6186pt.
File: images/30_ir.jpg Graphic file (type jpg)
 <use images/30_ir.jpg>
Package pdftex.def Info: images/30_ir.jpg used on input line 477.
(pdftex.def)             Requested size: 155.51755pt x 124.55782pt.
 [24 <./images/30_irdiodes.jpg>] <images/30_nrf24l01.jpg, id=104, 381.425pt x 3
06.14375pt>
File: images/30_nrf24l01.jpg Graphic file (type jpg)

<use images/30_nrf24l01.jpg>
Package pdftex.def Info: images/30_nrf24l01.jpg used on input line 498.
(pdftex.def)             Requested size: 180.0pt x 144.4715pt.

Overfull \hbox (3.7823pt too wide) in paragraph at lines 502--503
[]\T1/lmr/m/n/10.95 Attaching the nRF24L01 to the mi-cro-con-troller re-quires 
four SPI pins (MISO,
 []

[25 <./images/30_nrf24l01.jpg>] [26]
Overfull \hbox (13.63702pt too wide) in paragraph at lines 518--519
[]\T1/lmr/m/n/10.95 Interfacing other hard-ware com-po-nents is pos-si-ble us-i
ng 20 dig-i-tal in-put/output
 []

[27] <images/30_lithium-polymer.jpg, id=115, 479.7925pt x 384.43625pt>
File: images/30_lithium-polymer.jpg Graphic file (type jpg)

<use images/30_lithium-polymer.jpg>
Package pdftex.def Info: images/30_lithium-polymer.jpg used on input line 541.
(pdftex.def)             Requested size: 180.0pt x 144.22775pt.
 [28]
Overfull \hbox (0.4377pt too wide) in paragraph at lines 552--553
\T1/lmr/m/n/10.95 wrong (over-charg-ing, over-discharging and over-discharge-cu
rrent), they pro-
 []

[29 <./images/30_lithium-polymer.jpg>] [30] [31]
<images/schematic/stepup.png, id=130, 340.1508pt x 188.3838pt>
File: images/schematic/stepup.png Graphic file (type png)

<use images/schematic/stepup.png>
Package pdftex.def Info: images/schematic/stepup.png used on input line 588.
(pdftex.def)             Requested size: 360.0pt x 199.38979pt.

<images/schematic/charge.png, id=131, 311.4837pt x 188.3838pt>
File: images/schematic/charge.png Graphic file (type png)

<use images/schematic/charge.png>
Package pdftex.def Info: images/schematic/charge.png used on input line 596.
(pdftex.def)             Requested size: 360.0pt x 217.73486pt.
 [32 <./images/schematic/stepup.png (PNG copy)>]

LaTeX Warning: Command \textasciicircum invalid in math mode on input line 607.


[33 <./images/schematic/charge.png (PNG copy)>]
Overfull \hbox (116.73157pt too wide) in paragraph at lines 609--609
[][]\T1/lmr/m/n/9 CITE ME HERE; pos-si-ble links: http://web.archive.org/web/20
130513161312/http://jeelabs.org/2010/01/06/pin-
 []


Underfull \hbox (badness 10000) in paragraph at lines 609--609
\T1/lmr/m/n/9 io-performance/ and http://billgrundmann.wordpress.com/2009/03/03
/to-use-or-not-
 []

[34] <images/30_tftfront.jpg, id=144, 572.1375pt x 401.5pt>
File: images/30_tftfront.jpg Graphic file (type jpg)

<use images/30_tftfront.jpg>
Package pdftex.def Info: images/30_tftfront.jpg used on input line 635.
(pdftex.def)             Requested size: 155.51755pt x 109.13548pt.

<images/30_tftback.jpg, id=145, 572.1375pt x 401.5pt>
File: images/30_tftback.jpg Graphic file (type jpg)

<use images/30_tftback.jpg>
Package pdftex.def Info: images/30_tftback.jpg used on input line 640.
(pdftex.def)             Requested size: 155.51755pt x 109.13548pt.
 [35 <./images/30_tftfront.jpg> <./images/30_tftback.jpg>] <images/part_types_t
htsmt.jpg, id=149, 306.14375pt x 233.87375pt>
File: images/part_types_thtsmt.jpg Graphic file (type jpg)

<use images/part_types_thtsmt.jpg>
Package pdftex.def Info: images/part_types_thtsmt.jpg used on input line 665.
(pdftex.def)             Requested size: 251.9989pt x 192.50926pt.
 [36]
LaTeX Font Info:    Try loading font information for OMS+lmr on input line 678.


(/usr/share/texmf/tex/latex/lm/omslmr.fd
File: omslmr.fd 2009/10/30 v1.6 Font defs for Latin Modern
)
LaTeX Font Info:    Font shape `OMS/lmr/m/n' in size <10.95> not available
(Font)              Font shape `OMS/lmsy/m/n' tried instead on input line 678.
 [37 <./images/part_types_thtsmt.jpg>] <robot_schematic_user.pdf, id=158, 2322.
8782pt x 1570.84865pt>
File: robot_schematic_user.pdf Graphic file (type pdf)

<use robot_schematic_user.pdf>
Package pdftex.def Info: robot_schematic_user.pdf used on input line 692.
(pdftex.def)             Requested size: 360.0pt x 243.43109pt.
 [38]

LaTeX Warning: Citation 'horowitz1989art' on page 39 undefined on input line 69
8.

<robot_schematic_battery.pdf, id=162, 2322.8782pt x 1570.84865pt>
File: robot_schematic_battery.pdf Graphic file (type pdf)

<use robot_schematic_battery.pdf>
Package pdftex.def Info: robot_schematic_battery.pdf used on input line 704.
(pdftex.def)             Requested size: 360.0pt x 243.43109pt.
 [39 <./robot_schematic_user.pdf>]
<robot_schematic_stepup.pdf, id=168, 2322.8782pt x 1570.84865pt>
File: robot_schematic_stepup.pdf Graphic file (type pdf)

<use robot_schematic_stepup.pdf>
Package pdftex.def Info: robot_schematic_stepup.pdf used on input line 712.
(pdftex.def)             Requested size: 360.0pt x 243.43109pt.
 [40 <./robot_schematic_battery.pdf>]
<robot_schematic_3_3v.pdf, id=174, 2322.8782pt x 1570.84865pt>
File: robot_schematic_3_3v.pdf Graphic file (type pdf)

<use robot_schematic_3_3v.pdf>
Package pdftex.def Info: robot_schematic_3_3v.pdf used on input line 720.
(pdftex.def)             Requested size: 360.0pt x 243.43109pt.
 [41 <./robot_schematic_stepup.pdf>]
<robot_schematic_brain.pdf, id=180, 2322.8782pt x 1570.84865pt>
File: robot_schematic_brain.pdf Graphic file (type pdf)

<use robot_schematic_brain.pdf>
Package pdftex.def Info: robot_schematic_brain.pdf used on input line 730.
(pdftex.def)             Requested size: 360.0pt x 243.43109pt.
 [42 <./robot_schematic_3_3v.pdf>]
<robot_schematic_motor.pdf, id=186, 2322.8782pt x 1570.84865pt>
File: robot_schematic_motor.pdf Graphic file (type pdf)

<use robot_schematic_motor.pdf>
Package pdftex.def Info: robot_schematic_motor.pdf used on input line 738.
(pdftex.def)             Requested size: 360.0pt x 243.43109pt.
 [43 <./robot_schematic_brain.pdf>]
<robot_schematic_optional.pdf, id=193, 2322.8782pt x 1570.84865pt>
File: robot_schematic_optional.pdf Graphic file (type pdf)

<use robot_schematic_optional.pdf>
Package pdftex.def Info: robot_schematic_optional.pdf used on input line 766.
(pdftex.def)             Requested size: 360.0pt x 243.43109pt.
 [44 <./robot_schematic_motor.pdf>]
<images/mounting.pdf, id=199, 129.77611pt x 49.93112pt>
File: images/mounting.pdf Graphic file (type pdf)

<use images/mounting.pdf>
Package pdftex.def Info: images/mounting.pdf used on input line 781.
(pdftex.def)             Requested size: 216.0022pt x 83.11266pt.
 [45 <./robot_schematic_optional.pdf>]
<images/captive-square-nut-joint-exploded.png, id=206, 602.25pt x 375.4025pt>
File: images/captive-square-nut-joint-exploded.png Graphic file (type png)

<use images/captive-square-nut-joint-exploded.png>
Package pdftex.def Info: images/captive-square-nut-joint-exploded.png used on i
nput line 791.
(pdftex.def)             Requested size: 155.51755pt x 96.93787pt.

<images/captive-square-nut-joint-imploded.png, id=207, 602.25pt x 424.58624pt>
File: images/captive-square-nut-joint-imploded.png Graphic file (type png)

<use images/captive-square-nut-joint-imploded.png>
Package pdftex.def Info: images/captive-square-nut-joint-imploded.png used on i
nput line 796.
(pdftex.def)             Requested size: 155.51755pt x 109.63829pt.

Underfull \hbox (badness 6775) in paragraph at lines 799--799
[]\T1/lmr/m/n/10.95 Figure 29: |Cap-tive nut joint il-lus-tra-tion by MAKE mag-
a-zine
 []


Underfull \hbox (badness 10000) in paragraph at lines 799--799
\T1/lmr/m/n/10.95 (http://makezine.com/2011/10/06/clever-captive-square-nut-cnc
-panel-
 []

[46 <./images/mounting.pdf> <./images/captive-square-nut-joint-exploded.png> <.
/images/captive-square-nut-joint-imploded.png>]
Underfull \hbox (badness 10000) in paragraph at lines 815--815
[]|\T1/lmr/m/n/10.95 Assessment
 []


Overfull \hbox (36.0pt too wide) in alignment at lines 813--826
 [] [] [] 
 []


Underfull \vbox (badness 10000) detected at line 826
 []

[47]
Underfull \hbox (badness 10000) in paragraph at lines 838--839
[]|\T1/lmr/m/n/10.95 NRF24L01
 []


Overfull \hbox (1.23842pt too wide) in paragraph at lines 849--849
[]|\T1/lmr/m/n/10.95 (PCINT7/OCA0/OC1C/#RTS)
 []


Underfull \hbox (badness 1609) in paragraph at lines 849--850
[]|\T1/lmr/m/n/10.95 Servo Grip-per
 []


Overfull \hbox (8.39429pt too wide) in alignment at lines 834--857
 [] [] [] [] 
 []


Underfull \vbox (badness 10000) detected at line 857
 []


Underfull \hbox (badness 2970) in paragraph at lines 857--857
[]|\T1/lmr/m/n/10.95 Digital pin 0
 []


Underfull \hbox (badness 2970) in paragraph at lines 858--858
[]|\T1/lmr/m/n/10.95 Digital pin 1
 []


Underfull \hbox (badness 4217) in paragraph at lines 863--864
[]|\T1/lmr/m/n/10.95 Shift Reg-is-ter
 []


Underfull \hbox (badness 2020) in paragraph at lines 864--864
[]|\T1/lmr/m/n/10.95 Digital Pin 6
 []


Underfull \hbox (badness 1609) in paragraph at lines 864--865
[]|\T1/lmr/m/n/10.95 Servo Grip-per
 []


Overfull \hbox (15.38237pt too wide) in paragraph at lines 866--866
[]|\T1/lmr/m/n/10.95 (PCINT5/OC1A/#OC4B/ADC12)
 []


Underfull \hbox (badness 2020) in paragraph at lines 866--866
[]|\T1/lmr/m/n/10.95 Digital Pin 9
 []


Overfull \hbox (5.80113pt too wide) in paragraph at lines 867--867
[]|\T1/lmr/m/n/10.95 (PCINT6/OC1B/OC4B/ADC13)
 []


Underfull \hbox (badness 10000) in paragraph at lines 867--868
[]|\T1/lmr/m/n/10.95 NRF24L01
 []


Underfull \hbox (badness 2020) in paragraph at lines 868--868
[]|\T1/lmr/m/n/10.95 Digital Pin 5
 []


Underfull \hbox (badness 10000) in paragraph at lines 868--869
[]|\T1/lmr/m/n/10.95 Servo Ul-tra-
 []


Underfull \hbox (badness 10000) in paragraph at lines 869--869
[]|\T1/lmr/m/n/10.95 Digital Pin
 []


Underfull \hbox (badness 1038) in paragraph at lines 869--869
\T1/lmr/m/n/10.95 13 (PWM) +
 []


Underfull \hbox (badness 10000) in paragraph at lines 873--874
[]|\T1/lmr/m/n/10.95 Ultrasonic
 []


Underfull \hbox (badness 10000) in paragraph at lines 874--875
[]|\T1/lmr/m/n/10.95 Ultrasonic
 []


Overfull \hbox (8.39429pt too wide) in alignment at lines 857--877
 [] [] [] [] 
 []

[48]
Overfull \hbox (8.39429pt too wide) in alignment at lines 877--885
 [] [] [] [] 
 []

[49]
Overfull \hbox (29.9989pt too wide) in alignment at lines 888--911
 [] [] [] [] 
 []


Underfull \vbox (badness 10000) detected at line 911
 []


Overfull \hbox (29.9989pt too wide) in alignment at lines 911--931
 [] [] [] [] 
 []


Overfull \hbox (29.9989pt too wide) in alignment at lines 931--952
 [] [] [] [] 
 []

[50] [51]
Overfull \hbox (29.9989pt too wide) in alignment at lines 954--972
 [] [] [] [] 
 []


Underfull \vbox (badness 10000) detected at line 972
 []

<robot.pdf, id=229, 597.23125pt x 845.1575pt>
File: robot.pdf Graphic file (type pdf)
 <use robot.pdf>
Package pdftex.def Info: robot.pdf used on input line 973.
(pdftex.def)             Requested size: 597.22978pt x 845.15544pt.
File: robot.pdf Graphic file (type pdf)
 <use robot.pdf>
Package pdftex.def Info: robot.pdf used on input line 973.
(pdftex.def)             Requested size: 597.22978pt x 845.15544pt.

[52] <robot.pdf, id=235, page=1, 597.23125pt x 845.1575pt>
File: robot.pdf Graphic file (type pdf)

<use robot.pdf, page 1>
Package pdftex.def Info: robot.pdf, page1 used on input line 973.
(pdftex.def)             Requested size: 597.22978pt x 845.15544pt.
File: robot.pdf Graphic file (type pdf)
 <use robot.pdf, page 1>
Package pdftex.def Info: robot.pdf, page1 used on input line 973.
(pdftex.def)             Requested size: 597.25711pt x 845.19412pt.
File: robot.pdf Graphic file (type pdf)
 <use robot.pdf, page 1>
Package pdftex.def Info: robot.pdf, page1 used on input line 973.
(pdftex.def)             Requested size: 597.25711pt x 845.19412pt.
File: robot.pdf Graphic file (type pdf)

<use robot.pdf, page 1>
Package pdftex.def Info: robot.pdf, page1 used on input line 973.
(pdftex.def)             Requested size: 597.25711pt x 845.19412pt.
File: robot.pdf Graphic file (type pdf)
 <use robot.pdf, page 1>
Package pdftex.def Info: robot.pdf, page1 used on input line 973.
(pdftex.def)             Requested size: 597.25711pt x 845.19412pt.
 [53 <./robot.pdf>]
<../hardware/robot_schematic.pdf, id=248, 2322.8782pt x 1570.84865pt>
File: ../hardware/robot_schematic.pdf Graphic file (type pdf)

<use ../hardware/robot_schematic.pdf>
Package pdftex.def Info: ../hardware/robot_schematic.pdf used on input line 974
.
(pdftex.def)             Requested size: 2322.87256pt x 1570.84483pt.
File: ../hardware/robot_schematic.pdf Graphic file (type pdf)
 <use ../hardware/robot_schematic.pdf>
Package pdftex.def Info: ../hardware/robot_schematic.pdf used on input line 974
.
(pdftex.def)             Requested size: 2322.87256pt x 1570.84483pt.

<../hardware/robot_schematic.pdf, id=251, page=1, 2322.8782pt x 1570.84865pt>
File: ../hardware/robot_schematic.pdf Graphic file (type pdf)

<use ../hardware/robot_schematic.pdf, page 1>
Package pdftex.def Info: ../hardware/robot_schematic.pdf, page1 used on input l
ine 974.
(pdftex.def)             Requested size: 2322.87256pt x 1570.84483pt.
File: ../hardware/robot_schematic.pdf Graphic file (type pdf)

<use ../hardware/robot_schematic.pdf, page 1>
Package pdftex.def Info: ../hardware/robot_schematic.pdf, page1 used on input l
ine 974.
(pdftex.def)             Requested size: 2322.87256pt x 1570.84483pt.
File: ../hardware/robot_schematic.pdf Graphic file (type pdf)

<use ../hardware/robot_schematic.pdf, page 1>
Package pdftex.def Info: ../hardware/robot_schematic.pdf, page1 used on input l
ine 974.
(pdftex.def)             Requested size: 2322.87256pt x 1570.84483pt.
File: ../hardware/robot_schematic.pdf Graphic file (type pdf)

<use ../hardware/robot_schematic.pdf, page 1>
Package pdftex.def Info: ../hardware/robot_schematic.pdf, page1 used on input l
ine 974.
(pdftex.def)             Requested size: 2322.87256pt x 1570.84483pt.
File: ../hardware/robot_schematic.pdf Graphic file (type pdf)

<use ../hardware/robot_schematic.pdf, page 1>
Package pdftex.def Info: ../hardware/robot_schematic.pdf, page1 used on input l
ine 974.
(pdftex.def)             Requested size: 2322.87256pt x 1570.84483pt.
 [54 <../hardware/robot_schematic.pdf>] [55]
Overfull \hbox (10.13771pt too wide) in paragraph at lines 978--978
[]\T1/lmr/m/n/10.95 József Tick. ^^P  ^^RMod-elling Con-trol Sys-tems by Au-ton
omous Mini Robot^^Q^^Q.
 []

[56] (./paper.aux)

LaTeX Warning: There were undefined references.


LaTeX Warning: There were multiply-defined labels.


Package biblatex Warning: Please (re)run Biber on the file:
(biblatex)                paper
(biblatex)                and rerun LaTeX afterwards.

Package logreq Info: Writing requests to 'paper.run.xml'.
\openout1 = `paper.run.xml'.

 ) 
Here is how much of TeX's memory you used:
 13645 strings out of 493304
 212621 string characters out of 6139872
 658957 words of memory out of 5000000
 16752 multiletter control sequences out of 15000+600000
 73571 words of font info for 67 fonts, out of 8000000 for 9000
 957 hyphenation exceptions out of 8191
 44i,20n,50p,990b,1417s stack positions out of 5000i,500n,10000p,200000b,80000s
{/usr/share/texmf/fonts/enc/dvips/lm/lm-ec.enc}{/usr/share/texmf/fonts/enc/dv
ips/lm/lm-rm.enc}{/usr/share/texmf/fonts/enc/dvips/lm/lm-mathit.enc}{/usr/share
/texmf/fonts/enc/dvips/lm/lm-mathsy.enc}</usr/share/texlive/texmf-dist/fonts/ty
pe1/public/eurosym/feymr10.pfb></usr/share/texmf/fonts/type1/public/lm/lmbx10.p
fb></usr/share/texmf/fonts/type1/public/lm/lmbx12.pfb></usr/share/texmf/fonts/t
ype1/public/lm/lmcsc10.pfb></usr/share/texmf/fonts/type1/public/lm/lmmi10.pfb><
/usr/share/texmf/fonts/type1/public/lm/lmr10.pfb></usr/share/texmf/fonts/type1/
public/lm/lmr12.pfb></usr/share/texmf/fonts/type1/public/lm/lmr17.pfb></usr/sha
re/texmf/fonts/type1/public/lm/lmr6.pfb></usr/share/texmf/fonts/type1/public/lm
/lmr8.pfb></usr/share/texmf/fonts/type1/public/lm/lmr9.pfb></usr/share/texmf/fo
nts/type1/public/lm/lmri10.pfb></usr/share/texmf/fonts/type1/public/lm/lmsy10.p
fb></usr/share/texmf/fonts/type1/public/lm/lmtt10.pfb></usr/share/texmf/fonts/t
ype1/public/lm/lmtt9.pfb></usr/share/texlive/texmf-dist/fonts/type1/urw/zapfdin
g/uzdr.pfb>
Output written on paper.pdf (56 pages, 4557826 bytes).
PDF statistics:
 336 PDF objects out of 1000 (max. 8388607)
 213 compressed objects within 3 object streams
 0 named destinations out of 1000 (max. 500000)
 206 words of extra memory for PDF output out of 10000 (max. 10000000)

