This is pdfTeX, Version 3.1415926-2.5-1.40.14 (TeX Live 2013/Debian) (format=pdflatex 2014.3.3)  17 MAY 2014 23:45
entering extended mode
 restricted \write18 enabled.
 %&-line parsing enabled.
**paper.tex
(./paper.tex
LaTeX2e <2011/06/27>
Babel <3.9h> and hyphenation patterns for 78 languages loaded.
(/usr/share/texlive/texmf-dist/tex/latex/koma-script/scrreprt.cls
Document Class: scrreprt 2013/12/19 v3.12 KOMA-Script document class (report)
(/usr/share/texlive/texmf-dist/tex/latex/koma-script/scrkbase.sty
Package: scrkbase 2013/12/19 v3.12 KOMA-Script package (KOMA-Script-dependent b
asics and keyval usage)

(/usr/share/texlive/texmf-dist/tex/latex/koma-script/scrbase.sty
Package: scrbase 2013/12/19 v3.12 KOMA-Script package (KOMA-Script-independent 
basics and keyval usage)

(/usr/share/texlive/texmf-dist/tex/latex/graphics/keyval.sty
Package: keyval 1999/03/16 v1.13 key=value parser (DPC)
\KV@toks@=\toks14
)
(/usr/share/texlive/texmf-dist/tex/latex/koma-script/scrlfile.sty
Package: scrlfile 2013/12/19 v3.12 KOMA-Script package (loading files)

Package scrlfile, 2013/12/19 v3.12 KOMA-Script package (loading files)
                  Copyright (C) Markus Kohm

))) (/usr/share/texlive/texmf-dist/tex/latex/koma-script/tocbasic.sty
Package: tocbasic 2013/12/19 v3.12 KOMA-Script package (handling toc-files)
)
Package tocbasic Info: omitting babel extension for `toc'
(tocbasic)             because of feature `nobabel' available
(tocbasic)             for `toc' on input line 117.
Package tocbasic Info: omitting babel extension for `lof'
(tocbasic)             because of feature `nobabel' available
(tocbasic)             for `lof' on input line 118.
Package tocbasic Info: omitting babel extension for `lot'
(tocbasic)             because of feature `nobabel' available
(tocbasic)             for `lot' on input line 119.
Package tocbasic Info: defining new hook before heading of `' on input line 112
3.
Package scrreprt Info: You've used standard option `11pt'.
(scrreprt)             This is correct!
(scrreprt)             Internally I'm using `fontsize=11pt'.
(scrreprt)             If you'd like to set the option with \KOMAoptions,
(scrreprt)             you'd have to use `fontsize=11pt' there
(scrreprt)             instead of `11pt', too.
Class scrreprt Info: You've used standard option `oneside'.
(scrreprt)           This is correct!
(scrreprt)           Internally I'm using `twoside=false'.
(scrreprt)           If you'd like to set the option with \KOMAoptions,
(scrreprt)           you'd have to use `twoside=false' there
(scrreprt)           instead of `oneside', too.
Package scrbase Info: Unknown processing state.
(scrbase)             Processing option `twoside=false'
(scrbase)             of member `.scrreprt.cls'
(scrbase)             of family `KOMA'
(scrbase)             doesn't set a valid state.
(scrbase)             This will be interpreted
(scrbase)             as \FamilyKeyStateProcessed on input line 1274.
Class scrreprt Info: File `scrsize11pt.clo' used to setup font sizes on input l
ine 1655.

(/usr/share/texlive/texmf-dist/tex/latex/koma-script/scrsize11pt.clo
File: scrsize11pt.clo 2013/12/19 v3.12 KOMA-Script font size class option (11pt
)
)
(/usr/share/texlive/texmf-dist/tex/latex/koma-script/typearea.sty
Package: typearea 2013/12/19 v3.12 KOMA-Script package (type area)

Package typearea, 2013/12/19 v3.12 KOMA-Script package (type area)
                  Copyright (C) Frank Neukam, 1992-1994
                  Copyright (C) Markus Kohm, 1994-

\ta@bcor=\skip41
\ta@div=\count79
Package typearea Info: You've used standard option `a4paper'.
(typearea)             This is correct!
(typearea)             Internally I'm using `paper=a4'.
(typearea)             If you'd like to set the option with \KOMAoptions,
(typearea)             you'd have to use `paper=a4' there
(typearea)             instead of `a4paper', too.
Package typearea Info: You've used standard option `oneside'.
(typearea)             This is correct!
(typearea)             Internally I'm using `twoside=false'.
(typearea)             If you'd like to set the option with \KOMAoptions,
(typearea)             you'd have to use `twoside=false' there
(typearea)             instead of `oneside', too.
\ta@hblk=\skip42
\ta@vblk=\skip43
\ta@temp=\skip44
\footheight=\skip45
Package typearea Info: These are the values describing the layout:
(typearea)             DIV  = 10
(typearea)             BCOR = 14.22636pt
(typearea)             \paperwidth      = 597.50793pt
(typearea)              \textwidth      = 408.2971pt
(typearea)              DIV departure   = -3%
(typearea)              \evensidemargin = 29.44861pt
(typearea)              \oddsidemargin  = 29.44861pt
(typearea)             \paperheight     = 845.04694pt
(typearea)              \textheight     = 555.00024pt
(typearea)              \topmargin      = 12.2347pt
(typearea)              \headheight     = 28.56009pt
(typearea)              \headsep        = 20.40001pt
(typearea)              \topskip        = 11.0pt
(typearea)              \footskip       = 47.6pt
(typearea)              \baselineskip   = 13.6pt
(typearea)              on input line 1330.
)
\c@part=\count80
\c@chapter=\count81
\c@section=\count82
\c@subsection=\count83
\c@subsubsection=\count84
\c@paragraph=\count85
\c@subparagraph=\count86
\abovecaptionskip=\skip46
\belowcaptionskip=\skip47
\c@pti@nb@sid@b@x=\box26
\c@figure=\count87
\c@table=\count88
\bibindent=\dimen102
) (/usr/share/texlive/texmf-dist/tex/latex/geometry/geometry.sty
Package: geometry 2010/09/12 v5.6 Page Geometry

(/usr/share/texlive/texmf-dist/tex/generic/oberdiek/ifpdf.sty
Package: ifpdf 2011/01/30 v2.3 Provides the ifpdf switch (HO)
Package ifpdf Info: pdfTeX in PDF mode is detected.
)
(/usr/share/texlive/texmf-dist/tex/generic/oberdiek/ifvtex.sty
Package: ifvtex 2010/03/01 v1.5 Detect VTeX and its facilities (HO)
Package ifvtex Info: VTeX not detected.
)
(/usr/share/texlive/texmf-dist/tex/generic/ifxetex/ifxetex.sty
Package: ifxetex 2010/09/12 v0.6 Provides ifxetex conditional
)
\Gm@cnth=\count89
\Gm@cntv=\count90
\c@Gm@tempcnt=\count91
\Gm@bindingoffset=\dimen103
\Gm@wd@mp=\dimen104
\Gm@odd@mp=\dimen105
\Gm@even@mp=\dimen106
\Gm@layoutwidth=\dimen107
\Gm@layoutheight=\dimen108
\Gm@layouthoffset=\dimen109
\Gm@layoutvoffset=\dimen110
\Gm@dimlist=\toks15
)
(/usr/share/texlive/texmf-dist/tex/latex/ucs/ucs.sty
Package: ucs 2013/05/11 v2.2 UCS: Unicode input support

(/usr/share/texlive/texmf-dist/tex/latex/ucs/data/uni-global.def
File: uni-global.def 2013/05/13 UCS: Unicode global data
)
\uc@secondtry=\count92
\uc@combtoks=\toks16
\uc@combtoksb=\toks17
\uc@temptokena=\toks18
)
(/usr/share/texlive/texmf-dist/tex/latex/base/inputenc.sty
Package: inputenc 2008/03/30 v1.1d Input encoding file
\inpenc@prehook=\toks19
\inpenc@posthook=\toks20

(/usr/share/texlive/texmf-dist/tex/latex/ucs/utf8x.def
File: utf8x.def 2004/10/17 UCS: Input encoding UTF-8
))
(/usr/share/texlive/texmf-dist/tex/latex/base/fontenc.sty
Package: fontenc 2005/09/27 v1.99g Standard LaTeX package

(/usr/share/texlive/texmf-dist/tex/latex/base/t1enc.def
File: t1enc.def 2005/09/27 v1.99g Standard LaTeX file
LaTeX Font Info:    Redeclaring font encoding T1 on input line 43.
))
(/usr/share/texlive/texmf-dist/tex/generic/babel/babel.sty
Package: babel 2013/12/03 3.9h The Babel package

(/usr/share/texlive/texmf-dist/tex/generic/babel-english/english.ldf
Language: english 2012/08/20 v3.3p English support from the babel system

(/usr/share/texlive/texmf-dist/tex/generic/babel/babel.def
File: babel.def 2013/12/03 3.9h Babel common definitions
\babel@savecnt=\count93
\U@D=\dimen111
)
\l@canadian = a dialect from \language\l@american 
\l@australian = a dialect from \language\l@british 
\l@newzealand = a dialect from \language\l@british 
))
(/usr/share/texlive/texmf-dist/tex/latex/koma-script/scrhack.sty
Package: scrhack 2013/12/19 v3.12 KOMA-Script package 
)
(/usr/share/texlive/texmf-dist/tex/latex/hyperref/hyperref.sty
Package: hyperref 2012/11/06 v6.83m Hypertext links for LaTeX

(/usr/share/texlive/texmf-dist/tex/generic/oberdiek/hobsub-hyperref.sty
Package: hobsub-hyperref 2012/05/28 v1.13 Bundle oberdiek, subset hyperref (HO)


(/usr/share/texlive/texmf-dist/tex/generic/oberdiek/hobsub-generic.sty
Package: hobsub-generic 2012/05/28 v1.13 Bundle oberdiek, subset generic (HO)
Package: hobsub 2012/05/28 v1.13 Construct package bundles (HO)
Package: infwarerr 2010/04/08 v1.3 Providing info/warning/error messages (HO)
Package: ltxcmds 2011/11/09 v1.22 LaTeX kernel commands for general use (HO)
Package: ifluatex 2010/03/01 v1.3 Provides the ifluatex switch (HO)
Package ifluatex Info: LuaTeX not detected.
Package hobsub Info: Skipping package `ifvtex' (already loaded).
Package: intcalc 2007/09/27 v1.1 Expandable calculations with integers (HO)
Package hobsub Info: Skipping package `ifpdf' (already loaded).
Package: etexcmds 2011/02/16 v1.5 Avoid name clashes with e-TeX commands (HO)
Package etexcmds Info: Could not find \expanded.
(etexcmds)             That can mean that you are not using pdfTeX 1.50 or
(etexcmds)             that some package has redefined \expanded.
(etexcmds)             In the latter case, load this package earlier.
Package: kvsetkeys 2012/04/25 v1.16 Key value parser (HO)
Package: kvdefinekeys 2011/04/07 v1.3 Define keys (HO)
Package: pdftexcmds 2011/11/29 v0.20 Utility functions of pdfTeX for LuaTeX (HO
)
Package pdftexcmds Info: LuaTeX not detected.
Package pdftexcmds Info: \pdf@primitive is available.
Package pdftexcmds Info: \pdf@ifprimitive is available.
Package pdftexcmds Info: \pdfdraftmode found.
Package: pdfescape 2011/11/25 v1.13 Implements pdfTeX's escape features (HO)
Package: bigintcalc 2012/04/08 v1.3 Expandable calculations on big integers (HO
)
Package: bitset 2011/01/30 v1.1 Handle bit-vector datatype (HO)
Package: uniquecounter 2011/01/30 v1.2 Provide unlimited unique counter (HO)
)
Package hobsub Info: Skipping package `hobsub' (already loaded).
Package: letltxmacro 2010/09/02 v1.4 Let assignment for LaTeX macros (HO)
Package: hopatch 2012/05/28 v1.2 Wrapper for package hooks (HO)
Package: xcolor-patch 2011/01/30 xcolor patch
Package: atveryend 2011/06/30 v1.8 Hooks at the very end of document (HO)
Package atveryend Info: \enddocument detected (standard20110627).
Package: atbegshi 2011/10/05 v1.16 At begin shipout hook (HO)
Package: refcount 2011/10/16 v3.4 Data extraction from label references (HO)
Package: hycolor 2011/01/30 v1.7 Color options for hyperref/bookmark (HO)
)
(/usr/share/texlive/texmf-dist/tex/latex/oberdiek/auxhook.sty
Package: auxhook 2011/03/04 v1.3 Hooks for auxiliary files (HO)
)
(/usr/share/texlive/texmf-dist/tex/latex/oberdiek/kvoptions.sty
Package: kvoptions 2011/06/30 v3.11 Key value format for package options (HO)
)
\@linkdim=\dimen112
\Hy@linkcounter=\count94
\Hy@pagecounter=\count95

(/usr/share/texlive/texmf-dist/tex/latex/hyperref/pd1enc.def
File: pd1enc.def 2012/11/06 v6.83m Hyperref: PDFDocEncoding definition (HO)
)
\Hy@SavedSpaceFactor=\count96

(/usr/share/texlive/texmf-dist/tex/latex/latexconfig/hyperref.cfg
File: hyperref.cfg 2002/06/06 v1.2 hyperref configuration of TeXLive
)
Package hyperref Info: Option `colorlinks' set `false' on input line 4319.
Package hyperref Info: Hyper figures OFF on input line 4443.
Package hyperref Info: Link nesting OFF on input line 4448.
Package hyperref Info: Hyper index ON on input line 4451.
Package hyperref Info: Plain pages OFF on input line 4458.
Package hyperref Info: Backreferencing OFF on input line 4463.
Package hyperref Info: Implicit mode ON; LaTeX internals redefined.
Package hyperref Info: Bookmarks ON on input line 4688.
\c@Hy@tempcnt=\count97

(/usr/share/texlive/texmf-dist/tex/latex/url/url.sty
\Urlmuskip=\muskip10
Package: url 2013/09/16  ver 3.4  Verb mode for urls, etc.
)
LaTeX Info: Redefining \url on input line 5041.
\XeTeXLinkMargin=\dimen113
\Fld@menulength=\count98
\Field@Width=\dimen114
\Fld@charsize=\dimen115
Package hyperref Info: Hyper figures OFF on input line 6295.
Package hyperref Info: Link nesting OFF on input line 6300.
Package hyperref Info: Hyper index ON on input line 6303.
Package hyperref Info: backreferencing OFF on input line 6310.
Package hyperref Info: Link coloring OFF on input line 6315.
Package hyperref Info: Link coloring with OCG OFF on input line 6320.
Package hyperref Info: PDF/A mode OFF on input line 6325.
LaTeX Info: Redefining \ref on input line 6365.
LaTeX Info: Redefining \pageref on input line 6369.
\Hy@abspage=\count99
\c@Item=\count100
\c@Hfootnote=\count101
)
Package scrhack Info: hyperref hack deactivated because of
(scrhack)             detection of hyperref version, that doesn't
(scrhack)             need that hack, on input line 17.


Package hyperref Message: Driver (autodetected): hpdftex.

(/usr/share/texlive/texmf-dist/tex/latex/hyperref/hpdftex.def
File: hpdftex.def 2012/11/06 v6.83m Hyperref driver for pdfTeX
\Fld@listcount=\count102
\c@bookmark@seq@number=\count103

(/usr/share/texlive/texmf-dist/tex/latex/oberdiek/rerunfilecheck.sty
Package: rerunfilecheck 2011/04/15 v1.7 Rerun checks for auxiliary files (HO)
Package uniquecounter Info: New unique counter `rerunfilecheck' on input line 2
82.
)
\Hy@SectionHShift=\skip48
)
(/usr/share/texlive/texmf-dist/tex/latex/graphics/graphicx.sty
Package: graphicx 1999/02/16 v1.0f Enhanced LaTeX Graphics (DPC,SPQR)

(/usr/share/texlive/texmf-dist/tex/latex/graphics/graphics.sty
Package: graphics 2009/02/05 v1.0o Standard LaTeX Graphics (DPC,SPQR)

(/usr/share/texlive/texmf-dist/tex/latex/graphics/trig.sty
Package: trig 1999/03/16 v1.09 sin cos tan (DPC)
)
(/usr/share/texlive/texmf-dist/tex/latex/latexconfig/graphics.cfg
File: graphics.cfg 2010/04/23 v1.9 graphics configuration of TeX Live
)
Package graphics Info: Driver file: pdftex.def on input line 91.

(/usr/share/texlive/texmf-dist/tex/latex/pdftex-def/pdftex.def
File: pdftex.def 2011/05/27 v0.06d Graphics/color for pdfTeX
\Gread@gobject=\count104
))
\Gin@req@height=\dimen116
\Gin@req@width=\dimen117
)
(/usr/share/texlive/texmf-dist/tex/latex/base/textcomp.sty
Package: textcomp 2005/09/27 v1.99g Standard LaTeX package
Package textcomp Info: Sub-encoding information:
(textcomp)               5 = only ISO-Adobe without \textcurrency
(textcomp)               4 = 5 + \texteuro
(textcomp)               3 = 4 + \textohm
(textcomp)               2 = 3 + \textestimated + \textcurrency
(textcomp)               1 = TS1 - \textcircled - \t
(textcomp)               0 = TS1 (full)
(textcomp)             Font families with sub-encoding setting implement
(textcomp)             only a restricted character set as indicated.
(textcomp)             Family '?' is the default used for unknown fonts.
(textcomp)             See the documentation for details.
Package textcomp Info: Setting ? sub-encoding to TS1/1 on input line 71.

(/usr/share/texlive/texmf-dist/tex/latex/base/ts1enc.def
File: ts1enc.def 2001/06/05 v3.0e (jk/car/fm) Standard LaTeX file
)
LaTeX Info: Redefining \oldstylenums on input line 266.
Package textcomp Info: Setting cmr sub-encoding to TS1/0 on input line 281.
Package textcomp Info: Setting cmss sub-encoding to TS1/0 on input line 282.
Package textcomp Info: Setting cmtt sub-encoding to TS1/0 on input line 283.
Package textcomp Info: Setting cmvtt sub-encoding to TS1/0 on input line 284.
Package textcomp Info: Setting cmbr sub-encoding to TS1/0 on input line 285.
Package textcomp Info: Setting cmtl sub-encoding to TS1/0 on input line 286.
Package textcomp Info: Setting ccr sub-encoding to TS1/0 on input line 287.
Package textcomp Info: Setting ptm sub-encoding to TS1/4 on input line 288.
Package textcomp Info: Setting pcr sub-encoding to TS1/4 on input line 289.
Package textcomp Info: Setting phv sub-encoding to TS1/4 on input line 290.
Package textcomp Info: Setting ppl sub-encoding to TS1/3 on input line 291.
Package textcomp Info: Setting pag sub-encoding to TS1/4 on input line 292.
Package textcomp Info: Setting pbk sub-encoding to TS1/4 on input line 293.
Package textcomp Info: Setting pnc sub-encoding to TS1/4 on input line 294.
Package textcomp Info: Setting pzc sub-encoding to TS1/4 on input line 295.
Package textcomp Info: Setting bch sub-encoding to TS1/4 on input line 296.
Package textcomp Info: Setting put sub-encoding to TS1/5 on input line 297.
Package textcomp Info: Setting uag sub-encoding to TS1/5 on input line 298.
Package textcomp Info: Setting ugq sub-encoding to TS1/5 on input line 299.
Package textcomp Info: Setting ul8 sub-encoding to TS1/4 on input line 300.
Package textcomp Info: Setting ul9 sub-encoding to TS1/4 on input line 301.
Package textcomp Info: Setting augie sub-encoding to TS1/5 on input line 302.
Package textcomp Info: Setting dayrom sub-encoding to TS1/3 on input line 303.
Package textcomp Info: Setting dayroms sub-encoding to TS1/3 on input line 304.

Package textcomp Info: Setting pxr sub-encoding to TS1/0 on input line 305.
Package textcomp Info: Setting pxss sub-encoding to TS1/0 on input line 306.
Package textcomp Info: Setting pxtt sub-encoding to TS1/0 on input line 307.
Package textcomp Info: Setting txr sub-encoding to TS1/0 on input line 308.
Package textcomp Info: Setting txss sub-encoding to TS1/0 on input line 309.
Package textcomp Info: Setting txtt sub-encoding to TS1/0 on input line 310.
Package textcomp Info: Setting lmr sub-encoding to TS1/0 on input line 311.
Package textcomp Info: Setting lmdh sub-encoding to TS1/0 on input line 312.
Package textcomp Info: Setting lmss sub-encoding to TS1/0 on input line 313.
Package textcomp Info: Setting lmssq sub-encoding to TS1/0 on input line 314.
Package textcomp Info: Setting lmvtt sub-encoding to TS1/0 on input line 315.
Package textcomp Info: Setting qhv sub-encoding to TS1/0 on input line 316.
Package textcomp Info: Setting qag sub-encoding to TS1/0 on input line 317.
Package textcomp Info: Setting qbk sub-encoding to TS1/0 on input line 318.
Package textcomp Info: Setting qcr sub-encoding to TS1/0 on input line 319.
Package textcomp Info: Setting qcs sub-encoding to TS1/0 on input line 320.
Package textcomp Info: Setting qpl sub-encoding to TS1/0 on input line 321.
Package textcomp Info: Setting qtm sub-encoding to TS1/0 on input line 322.
Package textcomp Info: Setting qzc sub-encoding to TS1/0 on input line 323.
Package textcomp Info: Setting qhvc sub-encoding to TS1/0 on input line 324.
Package textcomp Info: Setting futs sub-encoding to TS1/4 on input line 325.
Package textcomp Info: Setting futx sub-encoding to TS1/4 on input line 326.
Package textcomp Info: Setting futj sub-encoding to TS1/4 on input line 327.
Package textcomp Info: Setting hlh sub-encoding to TS1/3 on input line 328.
Package textcomp Info: Setting hls sub-encoding to TS1/3 on input line 329.
Package textcomp Info: Setting hlst sub-encoding to TS1/3 on input line 330.
Package textcomp Info: Setting hlct sub-encoding to TS1/5 on input line 331.
Package textcomp Info: Setting hlx sub-encoding to TS1/5 on input line 332.
Package textcomp Info: Setting hlce sub-encoding to TS1/5 on input line 333.
Package textcomp Info: Setting hlcn sub-encoding to TS1/5 on input line 334.
Package textcomp Info: Setting hlcw sub-encoding to TS1/5 on input line 335.
Package textcomp Info: Setting hlcf sub-encoding to TS1/5 on input line 336.
Package textcomp Info: Setting pplx sub-encoding to TS1/3 on input line 337.
Package textcomp Info: Setting pplj sub-encoding to TS1/3 on input line 338.
Package textcomp Info: Setting ptmx sub-encoding to TS1/4 on input line 339.
Package textcomp Info: Setting ptmj sub-encoding to TS1/4 on input line 340.
)
(/usr/share/texlive/texmf-dist/tex/latex/psnfss/mathpazo.sty
Package: mathpazo 2005/04/12 PSNFSS-v9.2a Palatino w/ Pazo Math (D.Puga, WaS) 
\symupright=\mathgroup4
)
(/usr/share/texlive/texmf-dist/tex/latex/listings/listings.sty
\lst@mode=\count105
\lst@gtempboxa=\box27
\lst@token=\toks21
\lst@length=\count106
\lst@currlwidth=\dimen118
\lst@column=\count107
\lst@pos=\count108
\lst@lostspace=\dimen119
\lst@width=\dimen120
\lst@newlines=\count109
\lst@lineno=\count110
\lst@maxwidth=\dimen121

(/usr/share/texlive/texmf-dist/tex/latex/listings/lstmisc.sty
File: lstmisc.sty 2013/08/26 1.5b (Carsten Heinz)
\c@lstnumber=\count111
\lst@skipnumbers=\count112
\lst@framebox=\box28
)
(/usr/share/texlive/texmf-dist/tex/latex/listings/listings.cfg
File: listings.cfg 2013/08/26 1.5b listings configuration
))
Package scrhack Info: loading listings hack on input line 21.

(/usr/share/texlive/texmf-dist/tex/latex/koma-script/listings.hak
File: listings.hak 2013/12/19 v3.12 KOMA-Script package (hacking package listin
gs)
Package tocbasic Info: setting babel extension for `lol' on input line 137.
Package scrhack Info: redefining \lstlistoflistings on input line 137.
)
Package: listings 2013/08/26 1.5b (Carsten Heinz)

(/usr/share/texlive/texmf-dist/tex/latex/pdfpages/pdfpages.sty
Package: pdfpages 2013/08/25 v0.4v Insert pages of external PDF documents (AM)

(/usr/share/texlive/texmf-dist/tex/latex/base/ifthen.sty
Package: ifthen 2001/05/26 v1.1c Standard LaTeX ifthen package (DPC)
)
(/usr/share/texlive/texmf-dist/tex/latex/tools/calc.sty
Package: calc 2007/08/22 v4.3 Infix arithmetic (KKT,FJ)
\calc@Acount=\count113
\calc@Bcount=\count114
\calc@Adimen=\dimen122
\calc@Bdimen=\dimen123
\calc@Askip=\skip49
\calc@Bskip=\skip50
LaTeX Info: Redefining \setlength on input line 76.
LaTeX Info: Redefining \addtolength on input line 77.
\calc@Ccount=\count115
\calc@Cskip=\skip51
)
(/usr/share/texlive/texmf-dist/tex/latex/eso-pic/eso-pic.sty
Package: eso-pic 2013/10/06 v2.0d eso-pic (RN)

(/usr/share/texmf/tex/latex/xcolor/xcolor.sty
Package: xcolor 2007/01/21 v2.11 LaTeX color extensions (UK)

(/usr/share/texlive/texmf-dist/tex/latex/latexconfig/color.cfg
File: color.cfg 2007/01/18 v1.5 color configuration of teTeX/TeXLive
)
Package xcolor Info: Driver file: pdftex.def on input line 225.
Package xcolor Info: Model `cmy' substituted by `cmy0' on input line 1337.
Package xcolor Info: Model `hsb' substituted by `rgb' on input line 1341.
Package xcolor Info: Model `RGB' extended on input line 1353.
Package xcolor Info: Model `HTML' substituted by `rgb' on input line 1355.
Package xcolor Info: Model `Hsb' substituted by `hsb' on input line 1356.
Package xcolor Info: Model `tHsb' substituted by `hsb' on input line 1357.
Package xcolor Info: Model `HSB' substituted by `hsb' on input line 1358.
Package xcolor Info: Model `Gray' substituted by `gray' on input line 1359.
Package xcolor Info: Model `wave' substituted by `hsb' on input line 1360.
))
(/usr/share/texlive/texmf-dist/tex/latex/pdfpages/pppdftex.def
File: pppdftex.def 2013/08/25 v0.4v Pdfpages driver for pdfTeX (AM)
)
\AM@pagebox=\box29
\AM@toc@title=\toks22
\c@AM@survey=\count116
\AM@templatesizebox=\box30
)
(/usr/share/texlive/texmf-dist/tex/latex/nomencl/nomencl.sty
Package: nomencl 2005/09/22 v4.2 Nomenclature package (LN)
\nomlabelwidth=\dimen124
\nom@tempdim=\dimen125
\nomitemsep=\skip52
)
(/usr/share/texlive/texmf-dist/tex/latex/setspace/setspace.sty
Package: setspace 2011/12/19 v6.7a set line spacing
)
(/usr/share/texlive/texmf-dist/tex/latex/natbib/natbib.sty
Package: natbib 2010/09/13 8.31b (PWD, AO)
\bibhang=\skip53
\bibsep=\skip54
LaTeX Info: Redefining \cite on input line 694.
\c@NAT@ctr=\count117
)
(/usr/share/texlive/texmf-dist/tex/latex/tools/tabularx.sty
Package: tabularx 1999/01/07 v2.07 `tabularx' package (DPC)

(/usr/share/texlive/texmf-dist/tex/latex/tools/array.sty
Package: array 2008/09/09 v2.4c Tabular extension package (FMi)
\col@sep=\dimen126
\extrarowheight=\dimen127
\NC@list=\toks23
\extratabsurround=\skip55
\backup@length=\skip56
)
\TX@col@width=\dimen128
\TX@old@table=\dimen129
\TX@old@col=\dimen130
\TX@target=\dimen131
\TX@delta=\dimen132
\TX@cols=\count118
\TX@ftn=\toks24
)
(/usr/share/texlive/texmf-dist/tex/latex/multirow/multirow.sty
\bigstrutjot=\dimen133
)
(/usr/share/texlive/texmf-dist/tex/latex/eurosym/eurosym.sty
Package: eurosym 1998/08/06 v1.1 European currency symbol ``Euro''
\@eurobox=\box31
)
(/usr/share/texlive/texmf-dist/tex/latex/csquotes/csquotes.sty
Package: csquotes 2011/10/22 v5.1d context-sensitive quotations

(/usr/share/texlive/texmf-dist/tex/latex/etoolbox/etoolbox.sty
Package: etoolbox 2011/01/03 v2.1 e-TeX tools for LaTeX

(/usr/share/texlive/texmf-dist/tex/latex/etex-pkg/etex.sty
Package: etex 1998/03/26 v2.0 eTeX basic definition package (PEB)
\et@xins=\count119
)
\etb@tempcnta=\count120
)
\csq@reset=\count121
\csq@gtype=\count122
\csq@glevel=\count123
\csq@qlevel=\count124
\csq@maxlvl=\count125
\csq@tshold=\count126
\csq@ltx@everypar=\toks25

(/usr/share/texlive/texmf-dist/tex/latex/csquotes/csquotes.def
File: csquotes.def 2011/10/22 v5.1d csquotes generic definitions
)
Package csquotes Info: Trying to load configuration file 'csquotes.cfg'...
Package csquotes Info: ... configuration file loaded successfully.

(/usr/share/texlive/texmf-dist/tex/latex/csquotes/csquotes.cfg
File: csquotes.cfg 
))
(/usr/share/texlive/texmf-dist/tex/latex/rotating/rotating.sty
Package: rotating 2009/03/28 v2.16a rotated objects in LaTeX
\c@r@tfl@t=\count127
\rotFPtop=\skip57
\rotFPbot=\skip58
\rot@float@box=\box32
\rot@mess@toks=\toks26
)
(/usr/share/texlive/texmf-dist/tex/latex/booktabs/booktabs.sty
Package: booktabs 2005/04/14 v1.61803 publication quality tables
\heavyrulewidth=\dimen134
\lightrulewidth=\dimen135
\cmidrulewidth=\dimen136
\belowrulesep=\dimen137
\belowbottomsep=\dimen138
\aboverulesep=\dimen139
\abovetopsep=\dimen140
\cmidrulesep=\dimen141
\cmidrulekern=\dimen142
\defaultaddspace=\dimen143
\@cmidla=\count128
\@cmidlb=\count129
\@aboverulesep=\dimen144
\@belowrulesep=\dimen145
\@thisruleclass=\count130
\@lastruleclass=\count131
\@thisrulewidth=\dimen146
)
(/usr/share/texlive/texmf-dist/tex/latex/tools/longtable.sty
Package: longtable 2004/02/01 v4.11 Multi-page Table package (DPC)
\LTleft=\skip59
\LTright=\skip60
\LTpre=\skip61
\LTpost=\skip62
\LTchunksize=\count132
\LTcapwidth=\dimen147
\LT@head=\box33
\LT@firsthead=\box34
\LT@foot=\box35
\LT@lastfoot=\box36
\LT@cols=\count133
\LT@rows=\count134
\c@LT@tables=\count135
\c@LT@chunks=\count136
\LT@p@ftn=\toks27
)
Class scrreprt Info: longtable captions redefined on input line 33.

(/usr/share/texlive/texmf-dist/tex/latex/tabu/tabu.sty
Package: tabu 2011/02/26 v2.8 - flexible LaTeX tabulars (FC)

(/usr/share/texlive/texmf-dist/tex/latex/varwidth/varwidth.sty
Package: varwidth 2009/03/30 ver 0.92;  Variable-width minipages
\@vwid@box=\box37
\sift@deathcycles=\count137
\@vwid@loff=\dimen148
\@vwid@roff=\dimen149
)
\c@taburow=\count138
\tabu@nbcols=\count139
\tabu@cnt=\count140
\tabu@Xcol=\count141
\tabu@alloc=\count142
\tabu@nested=\count143
\tabu@target=\dimen150
\tabu@spreadtarget=\dimen151
\tabu@naturalX=\dimen152
\tabucolX=\dimen153
\tabu@Xsum=\dimen154
\extrarowdepth=\dimen155
\abovetabulinesep=\dimen156
\belowtabulinesep=\dimen157
\tabustrutrule=\dimen158
\tabu@thebody=\toks28
\tabu@footnotes=\toks29
\tabu@box=\box38
\tabu@arstrutbox=\box39
\tabu@hleads=\box40
\tabu@vleads=\box41
\tabu@cellskip=\skip63
)
(/usr/share/texlive/texmf-dist/tex/latex/caption/subcaption.sty
Package: subcaption 2013/02/03 v1.1-62 Sub-captions (AR)

(/usr/share/texlive/texmf-dist/tex/latex/caption/caption.sty
Package: caption 2013/05/02 v3.3-89 Customizing captions (AR)

(/usr/share/texlive/texmf-dist/tex/latex/caption/caption3.sty
Package: caption3 2013/05/02 v1.6-88 caption3 kernel (AR)
Package caption3 Info: TeX engine: e-TeX on input line 57.
\captionmargin=\dimen159
\captionmargin@=\dimen160
\captionwidth=\dimen161
\caption@tempdima=\dimen162
\caption@indent=\dimen163
\caption@parindent=\dimen164
\caption@hangindent=\dimen165
)
Package caption Info: KOMA-Script document class.
\c@ContinuedFloat=\count144
Package caption Info: hyperref package is loaded.
Package caption Info: listings package is loaded.
Package caption Info: longtable package is loaded.

(/usr/share/texlive/texmf-dist/tex/latex/caption/ltcaption.sty
Package: ltcaption 2013/02/03 v1.3-62 longtable captions (AR)
)
Package caption Info: rotating package is loaded.
)
\c@subfigure=\count145
\c@subtable=\count146
)
(/usr/share/texlive/texmf-dist/tex/latex/colortbl/colortbl.sty
Package: colortbl 2012/02/13 v1.0a Color table columns (DPC)
\everycr=\toks30
\minrowclearance=\skip64
)
(/usr/share/texlive/texmf-dist/tex/latex/psnfss/pifont.sty
Package: pifont 2005/04/12 PSNFSS-v9.2a Pi font support (SPQR) 
LaTeX Font Info:    Try loading font information for U+pzd on input line 63.

(/usr/share/texlive/texmf-dist/tex/latex/psnfss/upzd.fd
File: upzd.fd 2001/06/04 font definitions for U/pzd.
)
LaTeX Font Info:    Try loading font information for U+psy on input line 64.

(/usr/share/texlive/texmf-dist/tex/latex/psnfss/upsy.fd
File: upsy.fd 2001/06/04 font definitions for U/psy.
))
(/usr/share/texlive/texmf-dist/tex/latex/float/float.sty
Package: float 2001/11/08 v1.3d Float enhancements (AL)
\c@float@type=\count147
\float@exts=\toks31
\float@box=\box42
\@float@everytoks=\toks32
\@floatcapt=\box43
)
Package scrhack Info: loading float hack on input line 41.

(/usr/share/texlive/texmf-dist/tex/latex/koma-script/float.hak
File: float.hak 2013/12/19 v3.12 KOMA-Script package (hacking package float)
Package scrhack Info: redefining \newfloat on input line 161.
Package scrhack Info: redefining \listof on input line 161.
Package scrhack Info: undefining \float@addtolists on input line 161.
)
(/usr/share/texlive/texmf-dist/tex/latex/forloop/forloop.sty
Package: forloop 2006/09/18 v3.0 For Loops for LaTeX
)
(/usr/share/texlive/texmf-dist/tex/latex/tablefootnote/tablefootnote.sty
Package: tablefootnote 2014/01/26 v1.1c Table foot notes (HMM)

(/usr/share/texlive/texmf-dist/tex/latex/xifthen/xifthen.sty
Package: xifthen 2009/04/17 v1.3 Extended ifthen features

(/usr/share/texlive/texmf-dist/tex/latex/ifmtarg/ifmtarg.sty
Package: ifmtarg 2009/09/02 v1.2a check for an empty argument
)))
(/usr/share/texlive/texmf-dist/tex/latex/lipsum/lipsum.sty
Package: lipsum 2011/04/14 v1.2 150 paragraphs of Lorem Ipsum dummy text
\c@lips@count=\count148
)
\c@starnumber=\count149

(/usr/share/texlive/texmf-dist/tex/latex/listings/lstlang1.sty
File: lstlang1.sty 2013/08/26 1.5b listings language file
)
(/usr/share/texlive/texmf-dist/tex/latex/listings/lstlang1.sty
File: lstlang1.sty 2013/08/26 1.5b listings language file
)
(/usr/share/texlive/texmf-dist/tex/latex/listings/lstmisc.sty
File: lstmisc.sty 2013/08/26 1.5b (Carsten Heinz)
)
\c@savedtocdepth=\count150
\@nomenclaturefile=\write3
\openout3 = `paper.nlo'.


Writing nomenclature file paper.nlo
Package csquotes Info: Checking for multilingual support...
Package csquotes Info: ... found 'babel' package.
Package csquotes Info: Adjusting default style.
Package csquotes Info: Redefining alias 'default' -> 'english'.
(./paper.aux (./abstract.aux) (./content.aux

LaTeX Warning: Label `tbl:arduinorobot_eval' multiply defined.

) (./appendix.aux))
\openout1 = `paper.aux'.

LaTeX Font Info:    Checking defaults for OML/cmm/m/it on input line 116.
LaTeX Font Info:    ... okay on input line 116.
LaTeX Font Info:    Checking defaults for T1/cmr/m/n on input line 116.
LaTeX Font Info:    ... okay on input line 116.
LaTeX Font Info:    Checking defaults for OT1/cmr/m/n on input line 116.
LaTeX Font Info:    ... okay on input line 116.
LaTeX Font Info:    Checking defaults for OMS/cmsy/m/n on input line 116.
LaTeX Font Info:    ... okay on input line 116.
LaTeX Font Info:    Checking defaults for OMX/cmex/m/n on input line 116.
LaTeX Font Info:    ... okay on input line 116.
LaTeX Font Info:    Checking defaults for U/cmr/m/n on input line 116.
LaTeX Font Info:    ... okay on input line 116.
LaTeX Font Info:    Checking defaults for PD1/pdf/m/n on input line 116.
LaTeX Font Info:    ... okay on input line 116.
LaTeX Font Info:    Checking defaults for TS1/cmr/m/n on input line 116.
LaTeX Font Info:    Try loading font information for TS1+cmr on input line 116.

 (/usr/share/texlive/texmf-dist/tex/latex/base/ts1cmr.fd
File: ts1cmr.fd 1999/05/25 v2.5h Standard LaTeX font definitions
)
LaTeX Font Info:    ... okay on input line 116.
LaTeX Font Info:    Try loading font information for T1+ppl on input line 116.

(/usr/share/texlive/texmf-dist/tex/latex/psnfss/t1ppl.fd
File: t1ppl.fd 2001/06/04 font definitions for T1/ppl.
)
*geometry* driver: auto-detecting
*geometry* detected driver: pdftex
*geometry* verbose mode - [ preamble ] result:
* driver: pdftex
* paper: a4paper
* layout: <same size as paper>
* layoutoffset:(h,v)=(0.0pt,0.0pt)
* modes: 
* h-part:(L,W,R)=(71.13188pt, 455.24411pt, 71.13188pt)
* v-part:(T,H,B)=(99.58464pt, 645.87756pt, 99.58464pt)
* \paperwidth=597.50787pt
* \paperheight=845.04684pt
* \textwidth=455.24411pt
* \textheight=645.87756pt
* \oddsidemargin=-1.1381pt
* \evensidemargin=-1.1381pt
* \topmargin=-21.64545pt
* \headheight=28.56009pt
* \headsep=20.40001pt
* \topskip=11.0pt
* \footskip=47.6pt
* \marginparwidth=58.32816pt
* \marginparsep=12.8401pt
* \columnsep=10.0pt
* \skip\footins=10.0pt plus 4.0pt minus 2.0pt
* \hoffset=0.0pt
* \voffset=0.0pt
* \mag=1000
* \@twocolumnfalse
* \@twosidefalse
* \@mparswitchfalse
* \@reversemarginfalse
* (1in=72.27pt=25.4mm, 1cm=28.453pt)

(/usr/share/texlive/texmf-dist/tex/latex/ucs/ucsencs.def
File: ucsencs.def 2011/01/21 Fixes to fontencodings LGR, T3
)
\AtBeginShipoutBox=\box44
Package hyperref Info: Link coloring OFF on input line 116.

(/usr/share/texlive/texmf-dist/tex/latex/hyperref/nameref.sty
Package: nameref 2012/10/27 v2.43 Cross-referencing by name of section

(/usr/share/texlive/texmf-dist/tex/generic/oberdiek/gettitlestring.sty
Package: gettitlestring 2010/12/03 v1.4 Cleanup title references (HO)
)
\c@section@level=\count151
)
LaTeX Info: Redefining \ref on input line 116.
LaTeX Info: Redefining \pageref on input line 116.
LaTeX Info: Redefining \nameref on input line 116.

(./paper.out) (./paper.out)
\@outlinefile=\write4
\openout4 = `paper.out'.


(/usr/share/texlive/texmf-dist/tex/context/base/supp-pdf.mkii
[Loading MPS to PDF converter (version 2006.09.02).]
\scratchcounter=\count152
\scratchdimen=\dimen166
\scratchbox=\box45
\nofMPsegments=\count153
\nofMParguments=\count154
\everyMPshowfont=\toks33
\MPscratchCnt=\count155
\MPscratchDim=\dimen167
\MPnumerator=\count156
\makeMPintoPDFobject=\count157
\everyMPtoPDFconversion=\toks34
) (/usr/share/texlive/texmf-dist/tex/latex/oberdiek/epstopdf-base.sty
Package: epstopdf-base 2010/02/09 v2.5 Base part for package epstopdf

(/usr/share/texlive/texmf-dist/tex/latex/oberdiek/grfext.sty
Package: grfext 2010/08/19 v1.1 Manage graphics extensions (HO)
)
Package grfext Info: Graphics extension search list:
(grfext)             [.png,.eps]
(grfext)             \AppendGraphicsExtensions on input line 452.

(/usr/share/texlive/texmf-dist/tex/latex/latexconfig/epstopdf-sys.cfg
File: epstopdf-sys.cfg 2010/07/13 v1.3 Configuration of (r)epstopdf for TeX Liv
e
))
\big@size=\dimen168
\c@lstlisting=\count158
Package scrhack Info: undefining \float@addtolists on input line 116.
Package caption Info: Begin \AtBeginDocument code.
Package caption Info: float package is loaded.
Package caption Info: End \AtBeginDocument code.
LaTeX Font Info:    Try loading font information for T1+cmss on input line 129.


(/usr/share/texlive/texmf-dist/tex/latex/base/t1cmss.fd
File: t1cmss.fd 1999/05/25 v2.5h Standard LaTeX font definitions
)
<images/dhbwlogo.png, id=200, 146.5475pt x 60.225pt>
File: images/dhbwlogo.png Graphic file (type png)
 <use images/dhbwlogo.png>
Package pdftex.def Info: images/dhbwlogo.png used on input line 132.
(pdftex.def)             Requested size: 73.27356pt x 30.11241pt.
LaTeX Font Info:    Try loading font information for OT1+ppl on input line 151.


(/usr/share/texlive/texmf-dist/tex/latex/psnfss/ot1ppl.fd
File: ot1ppl.fd 2001/06/04 font definitions for OT1/ppl.
)
LaTeX Font Info:    Try loading font information for OML+zplm on input line 151
.

(/usr/share/texlive/texmf-dist/tex/latex/psnfss/omlzplm.fd
File: omlzplm.fd 2002/09/08 Fontinst v1.914 font definitions for OML/zplm.
)
LaTeX Font Info:    Try loading font information for OMS+zplm on input line 151
.

(/usr/share/texlive/texmf-dist/tex/latex/psnfss/omszplm.fd
File: omszplm.fd 2002/09/08 Fontinst v1.914 font definitions for OMS/zplm.
)
LaTeX Font Info:    Try loading font information for OMX+zplm on input line 151
.

(/usr/share/texlive/texmf-dist/tex/latex/psnfss/omxzplm.fd
File: omxzplm.fd 2002/09/08 Fontinst v1.914 font definitions for OMX/zplm.
)
LaTeX Font Info:    Try loading font information for OT1+zplm on input line 151
.

(/usr/share/texlive/texmf-dist/tex/latex/psnfss/ot1zplm.fd
File: ot1zplm.fd 2002/09/08 Fontinst v1.914 font definitions for OT1/zplm.
) [1




{/var/lib/texmf/fonts/map/pdftex/updmap/pdftex.map} <./images/dhbwlogo.png>]
\openout2 = `abstract.aux'.

 (./abstract.tex
(/usr/share/texlive/texmf-dist/tex/latex/ucs/data/uni-0.def
File: uni-0.def 2013/05/13 UCS: Unicode data U+0000..U+00FF
)
Underfull \hbox (badness 4279) in paragraph at lines 6--7
[]\T1/ppl/m/n/10.95 Nach einer de-tal-ierten Anal-yse zu Be-we-gungskonzepten, 
Sen-soren, Kom-mu-nika-tion,
 []

[1


] (/usr/share/texlive/texmf-dist/tex/latex/ucs/data/uni-32.def
File: uni-32.def 2013/05/13 UCS: Unicode data U+2000..U+20FF
)) [2

]
(./paper.toc [3


])
\tf@toc=\write5
\openout5 = `paper.toc'.

 [4]
No file paper.nls.
(./paper.lof
LaTeX Font Info:    Try loading font information for T1+cmtt on input line 13.
 (/usr/share/texlive/texmf-dist/tex/latex/base/t1cmtt.fd
File: t1cmtt.fd 1999/05/25 v2.5h Standard LaTeX font definitions
)
Underfull \hbox (badness 2027) in paragraph at lines 29--29
 [][] [][]\T1/ppl/m/n/10.95 Robot schematic cre-ation. Ar-duino Leonardo com-pa
t-i-ble cir-cuit part is 
 []

[5


])
\tf@lof=\write6
\openout6 = `paper.lof'.

 [6] (./paper.lot)
\tf@lot=\write7
\openout7 = `paper.lot'.

 [7

]
\openout2 = `content.aux'.

 (./content.tex
Chapter 1.
pdfTeX warning (ext4): destination with the same identifier (name{page.1}) has 
been already used, duplicate ignored
<to be read again> 
                   \relax 
l.5 \chapter
            {Requirement Analysis / Project Goals} [1


]
Chapter 2.
[2

] [3] [4]
Chapter 3.
<images/asuro.jpg, id=431, 1096.095pt x 1023.825pt>
File: images/asuro.jpg Graphic file (type jpg)
 <use images/asuro.jpg>
Package pdftex.def Info: images/asuro.jpg used on input line 42.
(pdftex.def)             Requested size: 227.62206pt x 212.60376pt.

[5

] [6 <./images/asuro.jpg>]
Underfull \vbox (badness 10000) detected at line 69
 []

<images/arduinorobot.jpg, id=448, 782.925pt x 547.04375pt>
File: images/arduinorobot.jpg Graphic file (type jpg)

<use images/arduinorobot.jpg>
Package pdftex.def Info: images/arduinorobot.jpg used on input line 76.
(pdftex.def)             Requested size: 227.62206pt x 159.03928pt.
 [7

]
Underfull \vbox (badness 10000) detected at line 99
 []

[8 <./images/arduinorobot.jpg>]
<images/mindstorms.jpg, id=469, 246.6816pt x 185.0112pt>
File: images/mindstorms.jpg Graphic file (type jpg)

<use images/mindstorms.jpg>
Package pdftex.def Info: images/mindstorms.jpg used on input line 106.
(pdftex.def)             Requested size: 227.62206pt x 170.7205pt.
 [9]
Underfull \hbox (badness 10000) in paragraph at lines 112--112
[][]\T1/ppl/m/n/9 Sources avail-able un-der []$\T1/cmtt/m/n/9 http : / / cache 
. lego . com / upload / contentTemplating /
 []


Underfull \vbox (badness 10000) detected at line 133
 []

[10 <./images/mindstorms.jpg>]
<images/thymioii.jpg, id=489, 1204.5pt x 903.375pt>
File: images/thymioii.jpg Graphic file (type jpg)
 <use images/thymioii.jpg>
Package pdftex.def Info: images/thymioii.jpg used on input line 140.
(pdftex.def)             Requested size: 227.62206pt x 170.70569pt.

[11]
Underfull \vbox (badness 10000) detected at line 164
 []

[12 <./images/thymioii.jpg>] [13]
Chapter 4.
<images/30_ballcaster.jpg, id=507, 754.82pt x 605.26125pt>
File: images/30_ballcaster.jpg Graphic file (type jpg)

<use images/30_ballcaster.jpg>
Package pdftex.def Info: images/30_ballcaster.jpg used on input line 177.
(pdftex.def)             Requested size: 227.62206pt x 182.52179pt.
 [14

]
<images/30_dcmotor.jpg, id=514, 623.32875pt x 499.8675pt>
File: images/30_dcmotor.jpg Graphic file (type jpg)

<use images/30_dcmotor.jpg>
Package pdftex.def Info: images/30_dcmotor.jpg used on input line 192.
(pdftex.def)             Requested size: 196.66235pt x 157.71078pt.

<images/30_gearboxmotor.jpg, id=515, 846.16125pt x 676.5275pt>
File: images/30_gearboxmotor.jpg Graphic file (type jpg)

<use images/30_gearboxmotor.jpg>
Package pdftex.def Info: images/30_gearboxmotor.jpg used on input line 197.
(pdftex.def)             Requested size: 196.66235pt x 157.22906pt.
 [15 <./images/30_ballcaster.jpg>]
<images/30_speedsensor.jpg, id=522, 782.925pt x 626.34pt>
File: images/30_speedsensor.jpg Graphic file (type jpg)

<use images/30_speedsensor.jpg>
Package pdftex.def Info: images/30_speedsensor.jpg used on input line 207.
(pdftex.def)             Requested size: 227.62206pt x 182.09268pt.
 [16 <./images/30_dcmotor.jpg> <./images/30_gearboxmotor.jpg> <./images/30_spee
dsensor.jpg>]
Underfull \hbox (badness 10000) in paragraph at lines 219--220
[]|\T1/ppl/m/n/10.95 Motor speed con-trol us-ing pulse-width-
 []

[17] <images/mecanum.png, id=537, 298.76567pt x 145.28505pt>
File: images/mecanum.png Graphic file (type png)

<use images/mecanum.png>
Package pdftex.def Info: images/mecanum.png used on input line 261.
(pdftex.def)             Requested size: 227.62206pt x 110.69266pt.
 [18 <./images/mecanum.png>]
<images/omniwheel.jpg, id=546, 394.47375pt x 362.10281pt>
File: images/omniwheel.jpg Graphic file (type jpg)

<use images/omniwheel.jpg>
Package pdftex.def Info: images/omniwheel.jpg used on input line 271.
(pdftex.def)             Requested size: 227.62206pt x 208.94234pt.
 [19 <./images/omniwheel.jpg>]
<images/30_ir.jpg, id=554, 842.14626pt x 674.52pt>
File: images/30_ir.jpg Graphic file (type jpg)
 <use images/30_ir.jpg>
Package pdftex.def Info: images/30_ir.jpg used on input line 288.
(pdftex.def)             Requested size: 227.62206pt x 182.30809pt.

[20 <./images/30_ir.jpg>]
<images/30_proximity_front.jpg, id=559, 511.9125pt x 410.53375pt>
File: images/30_proximity_front.jpg Graphic file (type jpg)

<use images/30_proximity_front.jpg>
Package pdftex.def Info: images/30_proximity_front.jpg used on input line 303.
(pdftex.def)             Requested size: 196.66235pt x 157.71457pt.

<images/30_proximity_back.jpg, id=560, 878.28125pt x 702.625pt>
File: images/30_proximity_back.jpg Graphic file (type jpg)

<use images/30_proximity_back.jpg>
Package pdftex.def Info: images/30_proximity_back.jpg used on input line 308.
(pdftex.def)             Requested size: 196.66235pt x 157.32259pt.

<images/30_ultrasonic.jpg, id=562, 444.66125pt x 354.32375pt>
File: images/30_ultrasonic.jpg Graphic file (type jpg)

<use images/30_ultrasonic.jpg>
Package pdftex.def Info: images/30_ultrasonic.jpg used on input line 323.
(pdftex.def)             Requested size: 227.62206pt x 181.37852pt.
 [21 <./images/30_proximity_front.jpg> <./images/30_proximity_back.jpg>]
<images/30_gyroaccel.jpg, id=568, 620.3175pt x 483.8075pt>
File: images/30_gyroaccel.jpg Graphic file (type jpg)

<use images/30_gyroaccel.jpg>
Package pdftex.def Info: images/30_gyroaccel.jpg used on input line 338.
(pdftex.def)             Requested size: 227.62206pt x 177.52951pt.
 [22 <./images/30_ultrasonic.jpg>] [23 <./images/30_gyroaccel.jpg>] <images/30_
compass.jpg, id=578, 609.27625pt x 488.82625pt>
File: images/30_compass.jpg Graphic file (type jpg)

<use images/30_compass.jpg>
Package pdftex.def Info: images/30_compass.jpg used on input line 355.
(pdftex.def)             Requested size: 227.62206pt x 182.62317pt.
 [24 <./images/30_compass.jpg>]
<images/30_irdiodes.jpg, id=583, 747.79375pt x 599.23875pt>
File: images/30_irdiodes.jpg Graphic file (type jpg)

<use images/30_irdiodes.jpg>
Package pdftex.def Info: images/30_irdiodes.jpg used on input line 377.
(pdftex.def)             Requested size: 196.66235pt x 157.59055pt.
File: images/30_ir.jpg Graphic file (type jpg)
 <use images/30_ir.jpg>
Package pdftex.def Info: images/30_ir.jpg used on input line 382.
(pdftex.def)             Requested size: 196.66235pt x 157.51385pt.
 [25 <./images/30_irdiodes.jpg>] <images/30_nrf24l01.jpg, id=590, 381.425pt x 3
06.14375pt>
File: images/30_nrf24l01.jpg Graphic file (type jpg)

<use images/30_nrf24l01.jpg>
Package pdftex.def Info: images/30_nrf24l01.jpg used on input line 403.
(pdftex.def)             Requested size: 227.62206pt x 182.69733pt.
 [26 <./images/30_nrf24l01.jpg>]
Underfull \hbox (badness 10000) in paragraph at lines 409--409
[][]\T1/ppl/m/n/9 see datasheet at []$\T1/cmtt/m/n/9 https : / / www . sparkfun
 . com / datasheets / Components / SMD / nRF24L01Pluss _ Preliminary _
 []

[27]
Underfull \hbox (badness 1558) in paragraph at lines 423--423
[][]\T1/ppl/m/n/9 see datasheet at []$\T1/cmtt/m/n/9 http : / / www . atmel . c
om / Images / Atmel-[]7766-[]8-[]bit-[]AVR-[]ATmega16U4-[]32U4 _ %20Datasheet .

 []

[28] [29] <images/30_lithium-polymer.jpg, id=625, 479.7925pt x 384.43625pt>
File: images/30_lithium-polymer.jpg Graphic file (type jpg)

<use images/30_lithium-polymer.jpg>
Package pdftex.def Info: images/30_lithium-polymer.jpg used on input line 445.
(pdftex.def)             Requested size: 227.62206pt x 182.3862pt.
 [30 <./images/30_lithium-polymer.jpg>]
[31]
Chapter 5.
[32

] [33] <images/schematic/stepup.png, id=654, 340.1508pt x 188.3838pt>
File: images/schematic/stepup.png Graphic file (type png)

<use images/schematic/stepup.png>
Package pdftex.def Info: images/schematic/stepup.png used on input line 492.
(pdftex.def)             Requested size: 455.24411pt x 252.14264pt.
 [34]
<images/schematic/charge.png, id=663, 311.4837pt x 188.3838pt>
File: images/schematic/charge.png Graphic file (type png)

<use images/schematic/charge.png>
Package pdftex.def Info: images/schematic/charge.png used on input line 500.
(pdftex.def)             Requested size: 455.24411pt x 275.33987pt.
 [35 <./images/schematic/stepup.png (PNG copy)>] [36 <./images/schematic/charge
.png (PNG copy)>]
Overfull \hbox (13.85751pt too wide) in paragraph at lines 513--513
[][]\T1/ppl/m/n/9 CITE ME HERE; pos-si-ble links: http://web.archive.org/web/20
130513161312/http://jeelabs.org/2010/01/06/pin-
 []

[37] <images/30_tftfront.jpg, id=679, 572.1375pt x 401.5pt>
File: images/30_tftfront.jpg Graphic file (type jpg)

<use images/30_tftfront.jpg>
Package pdftex.def Info: images/30_tftfront.jpg used on input line 539.
(pdftex.def)             Requested size: 196.66235pt x 138.00916pt.

<images/30_tftback.jpg, id=680, 572.1375pt x 401.5pt>
File: images/30_tftback.jpg Graphic file (type jpg)

<use images/30_tftback.jpg>
Package pdftex.def Info: images/30_tftback.jpg used on input line 544.
(pdftex.def)             Requested size: 196.66235pt x 138.00916pt.
 [38]
<images/30_gripper.jpg, id=690, 839.135pt x 672.5125pt>
File: images/30_gripper.jpg Graphic file (type jpg)

<use images/30_gripper.jpg>
Package pdftex.def Info: images/30_gripper.jpg used on input line 564.
(pdftex.def)             Requested size: 364.19667pt x 291.87357pt.
 [39 <./images/30_tftfront.jpg> <./images/30_tftback.jpg>] <images/part_types_t
htsmt.jpg, id=699, 306.14375pt x 233.87375pt>
File: images/part_types_thtsmt.jpg Graphic file (type jpg)

<use images/part_types_thtsmt.jpg>
Package pdftex.def Info: images/part_types_thtsmt.jpg used on input line 574.
(pdftex.def)             Requested size: 318.66948pt x 243.4549pt.
 [40 <./images/30_gripper.jpg>]
LaTeX Font Info:    Try loading font information for TS1+ppl on input line 587.


(/usr/share/texlive/texmf-dist/tex/latex/psnfss/ts1ppl.fd
File: ts1ppl.fd 2001/06/04 font definitions for TS1/ppl.
) [41 <./images/part_types_thtsmt.jpg>]
<images/schematic/robot_schematic_user.pdf, id=712, 2322.8782pt x 1570.84865pt>
File: images/schematic/robot_schematic_user.pdf Graphic file (type pdf)
<use images/schematic/robot_schematic_user.pdf>
Package pdftex.def Info: images/schematic/robot_schematic_user.pdf used on inpu
t line 601.
(pdftex.def)             Requested size: 455.24411pt x 307.86028pt.
 [42]
<images/schematic/robot_schematic_battery.pdf, id=719, 2322.8782pt x 1570.84865
pt>
File: images/schematic/robot_schematic_battery.pdf Graphic file (type pdf)
 <use images/schematic/robot_schematic_battery.pdf>
Package pdftex.def Info: images/schematic/robot_schematic_battery.pdf used on i
nput line 613.
(pdftex.def)             Requested size: 455.24411pt x 307.86028pt.
 [43 <./images/schematic/robot_schematic_user.pdf>]
<images/schematic/robot_schematic_stepup.pdf, id=727, 2322.8782pt x 1570.84865p
t>
File: images/schematic/robot_schematic_stepup.pdf Graphic file (type pdf)
 <use images/schematic/robot_schematic_stepup.pdf>
Package pdftex.def Info: images/schematic/robot_schematic_stepup.pdf used on in
put line 621.
(pdftex.def)             Requested size: 455.24411pt x 307.86028pt.
 [44 <./images/schematic/robot_schematic_battery.pdf>]
<images/schematic/robot_schematic_3_3v.pdf, id=734, 2322.8782pt x 1570.84865pt>
File: images/schematic/robot_schematic_3_3v.pdf Graphic file (type pdf)
<use images/schematic/robot_schematic_3_3v.pdf>
Package pdftex.def Info: images/schematic/robot_schematic_3_3v.pdf used on inpu
t line 629.
(pdftex.def)             Requested size: 455.24411pt x 307.86028pt.
 [45 <./images/schematic/robot_schematic_stepup.pdf>]
<images/schematic/robot_schematic_brain.pdf, id=741, 2322.8782pt x 1570.84865pt
>
File: images/schematic/robot_schematic_brain.pdf Graphic file (type pdf)
 <use images/schematic/robot_schematic_brain.pdf>
Package pdftex.def Info: images/schematic/robot_schematic_brain.pdf used on inp
ut line 639.
(pdftex.def)             Requested size: 455.24411pt x 307.86028pt.
 [46 <./images/schematic/robot_schematic_3_3v.pdf>]
<images/schematic/robot_schematic_motor.pdf, id=748, 2322.8782pt x 1570.84865pt
>
File: images/schematic/robot_schematic_motor.pdf Graphic file (type pdf)
 <use images/schematic/robot_schematic_motor.pdf>
Package pdftex.def Info: images/schematic/robot_schematic_motor.pdf used on inp
ut line 647.
(pdftex.def)             Requested size: 455.24411pt x 307.86028pt.
 [47 <./images/schematic/robot_schematic_brain.pdf>]
<images/schematic/robot_schematic_optional.pdf, id=756, 2322.8782pt x 1570.8486
5pt>
File: images/schematic/robot_schematic_optional.pdf Graphic file (type pdf)
 <use images/schematic/robot_schematic_optional.pdf>
Package pdftex.def Info: images/schematic/robot_schematic_optional.pdf used on 
input line 675.
(pdftex.def)             Requested size: 455.24411pt x 307.86028pt.
 [48 <./images/schematic/robot_schematic_motor.pdf>] [49 <./images/schematic/ro
bot_schematic_optional.pdf>]
<images/captive-square-nut-joint-exploded.png, id=769, 602.25pt x 375.4025pt>
File: images/captive-square-nut-joint-exploded.png Graphic file (type png)

<use images/captive-square-nut-joint-exploded.png>
Package pdftex.def Info: images/captive-square-nut-joint-exploded.png used on i
nput line 694.
(pdftex.def)             Requested size: 196.66235pt x 122.58864pt.

<images/captive-square-nut-joint-imploded.png, id=770, 602.25pt x 424.58624pt>
File: images/captive-square-nut-joint-imploded.png Graphic file (type png)

<use images/captive-square-nut-joint-imploded.png>
Package pdftex.def Info: images/captive-square-nut-joint-imploded.png used on i
nput line 699.
(pdftex.def)             Requested size: 196.66235pt x 138.6497pt.

<images/30_motormount1.jpg, id=773, 728.7225pt x 490.83376pt>
File: images/30_motormount1.jpg Graphic file (type jpg)

<use images/30_motormount1.jpg>
Package pdftex.def Info: images/30_motormount1.jpg used on input line 709.
(pdftex.def)             Requested size: 364.19667pt x 245.30392pt.
 [50 <./images/captive-square-nut-joint-exploded.png> <./images/captive-square-
nut-joint-imploded.png>] [51 <./images/30_motormount1.jpg>] <images/30_wheel_fu
ll.jpg, id=783, 649.42625pt x 560.0925pt>
File: images/30_wheel_full.jpg Graphic file (type jpg)

<use images/30_wheel_full.jpg>
Package pdftex.def Info: images/30_wheel_full.jpg used on input line 730.
(pdftex.def)             Requested size: 364.19667pt x 314.10262pt.
 [52 <./images/30_wheel_full.jpg>]
Chapter 6.
<images/30_robot_top.jpg, id=788, 1018.80624pt x 783.92876pt>
File: images/30_robot_top.jpg Graphic file (type jpg)

<use images/30_robot_top.jpg>
Package pdftex.def Info: images/30_robot_top.jpg used on input line 743.
(pdftex.def)             Requested size: 196.66235pt x 151.31644pt.

<images/30_robot_bottom.jpg, id=789, 868.24374pt x 724.7075pt>
File: images/30_robot_bottom.jpg Graphic file (type jpg)

<use images/30_robot_bottom.jpg>
Package pdftex.def Info: images/30_robot_bottom.jpg used on input line 748.
(pdftex.def)             Requested size: 196.66235pt x 164.1469pt.

Underfull \vbox (badness 10000) detected at line 767
 []

[53

 <./images/30_robot_top.jpg> <./images/30_robot_bottom.jpg>]
<images/30_robotfront.jpg, id=799, 963.6pt x 702.625pt>
File: images/30_robotfront.jpg Graphic file (type jpg)

<use images/30_robotfront.jpg>
Package pdftex.def Info: images/30_robotfront.jpg used on input line 773.
(pdftex.def)             Requested size: 364.19667pt x 265.5529pt.
 [54]) [55 <./images/30_robotfront.jpg>]
(./paper.bbl [56


]) [57]
\openout2 = `appendix.aux'.

 (./appendix.tex
Appendix A.
[58



]
Overfull \hbox (3.73824pt too wide) in paragraph at lines 54--54
[]\T1/ppl/m/n/10.95 (PCINT5/OC1A/#OC4B/ADC12) 
 []


Underfull \vbox (badness 10000) detected at line 54
 []

[59] [60]
Underfull \vbox (badness 10000) detected at line 123
 []

[61] [62]
Underfull \vbox (badness 10000) detected at line 145
 []

<images/schematic/robot.pdf, id=883, 597.23125pt x 845.1575pt>
File: images/schematic/robot.pdf Graphic file (type pdf)

<use images/schematic/robot.pdf>
Package pdftex.def Info: images/schematic/robot.pdf used on input line 146.
(pdftex.def)             Requested size: 597.22978pt x 845.15544pt.
File: images/schematic/robot.pdf Graphic file (type pdf)
 <use images/schematic/robot.pdf>
Package pdftex.def Info: images/schematic/robot.pdf used on input line 146.
(pdftex.def)             Requested size: 597.22978pt x 845.15544pt.
 [63]
<images/schematic/robot.pdf, id=891, page=1, 597.23125pt x 845.1575pt>
File: images/schematic/robot.pdf Graphic file (type pdf)

<use images/schematic/robot.pdf, page 1>
Package pdftex.def Info: images/schematic/robot.pdf, page1 used on input line 1
46.
(pdftex.def)             Requested size: 597.22978pt x 845.15544pt.
File: images/schematic/robot.pdf Graphic file (type pdf)

<use images/schematic/robot.pdf, page 1>
Package pdftex.def Info: images/schematic/robot.pdf, page1 used on input line 1
46.
(pdftex.def)             Requested size: 597.25711pt x 845.19412pt.
File: images/schematic/robot.pdf Graphic file (type pdf)

<use images/schematic/robot.pdf, page 1>
Package pdftex.def Info: images/schematic/robot.pdf, page1 used on input line 1
46.
(pdftex.def)             Requested size: 597.25711pt x 845.19412pt.
File: images/schematic/robot.pdf Graphic file (type pdf)

<use images/schematic/robot.pdf, page 1>
Package pdftex.def Info: images/schematic/robot.pdf, page1 used on input line 1
46.
(pdftex.def)             Requested size: 597.25711pt x 845.19412pt.
File: images/schematic/robot.pdf Graphic file (type pdf)

<use images/schematic/robot.pdf, page 1>
Package pdftex.def Info: images/schematic/robot.pdf, page1 used on input line 1
46.
(pdftex.def)             Requested size: 597.25711pt x 845.19412pt.
 [64 <./images/schematic/robot.pdf>])
Package atveryend Info: Empty hook `BeforeClearDocument' on input line 219.

[65



]
Package atveryend Info: Empty hook `AfterLastShipout' on input line 219.
 (./paper.aux (./abstract.aux) (./content.aux) (./appendix.aux))
Package atveryend Info: Executing hook `AtVeryEndDocument' on input line 219.
Package atveryend Info: Executing hook `AtEndAfterFileList' on input line 219.
Package rerunfilecheck Info: File `paper.out' has not changed.
(rerunfilecheck)             Checksum: C485B8DCCDC27DA6515DBC0B7F8A9EFE;3035.


LaTeX Warning: There were multiply-defined labels.

Package atveryend Info: Empty hook `AtVeryVeryEnd' on input line 219.
 ) 
Here is how much of TeX's memory you used:
 16573 strings out of 493304
 251023 string characters out of 6139872
 555277 words of memory out of 5000000
 19419 multiletter control sequences out of 15000+600000
 39529 words of font info for 85 fonts, out of 8000000 for 9000
 957 hyphenation exceptions out of 8191
 48i,18n,58p,931b,665s stack positions out of 5000i,500n,10000p,200000b,80000s
pdfTeX warning (dest): name{Hfootnote.31} has been referenced but does not ex
ist, replaced by a fixed one

pdfTeX warning (dest): name{Hfootnote.30} has been referenced but does not exis
t, replaced by a fixed one

pdfTeX warning (dest): name{Hfootnote.29} has been referenced but does not exis
t, replaced by a fixed one

pdfTeX warning (dest): name{Hfootnote.25} has been referenced but does not exis
t, replaced by a fixed one

pdfTeX warning (dest): name{Hfootnote.24} has been referenced but does not exis
t, replaced by a fixed one

pdfTeX warning (dest): name{Hfootnote.23} has been referenced but does not exis
t, replaced by a fixed one

pdfTeX warning (dest): name{Hfootnote.22} has been referenced but does not exis
t, replaced by a fixed one

pdfTeX warning (dest): name{Hfootnote.21} has been referenced but does not exis
t, replaced by a fixed one

pdfTeX warning (dest): name{Hfootnote.20} has been referenced but does not exis
t, replaced by a fixed one

pdfTeX warning (dest): name{Hfootnote.19} has been referenced but does not exis
t, replaced by a fixed one

pdfTeX warning (dest): name{Hfootnote.18} has been referenced but does not exis
t, replaced by a fixed one

pdfTeX warning (dest): name{Hfootnote.17} has been referenced but does not exis
t, replaced by a fixed one

pdfTeX warning (dest): name{Hfootnote.16} has been referenced but does not exis
t, replaced by a fixed one

pdfTeX warning (dest): name{Hfootnote.15} has been referenced but does not exis
t, replaced by a fixed one

pdfTeX warning (dest): name{Hfootnote.14} has been referenced but does not exis
t, replaced by a fixed one

pdfTeX warning (dest): name{Hfootnote.13} has been referenced but does not exis
t, replaced by a fixed one

pdfTeX warning (dest): name{Hfootnote.12} has been referenced but does not exis
t, replaced by a fixed one

pdfTeX warning (dest): name{Hfootnote.11} has been referenced but does not exis
t, replaced by a fixed one

pdfTeX warning (dest): name{Hfootnote.10} has been referenced but does not exis
t, replaced by a fixed one

pdfTeX warning (dest): name{Hfootnote.9} has been referenced but does not exist
, replaced by a fixed one

pdfTeX warning (dest): name{Hfootnote.8} has been referenced but does not exist
, replaced by a fixed one

pdfTeX warning (dest): name{Hfootnote.7} has been referenced but does not exist
, replaced by a fixed one

pdfTeX warning (dest): name{Hfootnote.6} has been referenced but does not exist
, replaced by a fixed one

pdfTeX warning (dest): name{Hfootnote.5} has been referenced but does not exist
, replaced by a fixed one

pdfTeX warning (dest): name{Hfootnote.4} has been referenced but does not exist
, replaced by a fixed one

pdfTeX warning (dest): name{Hfootnote.3} has been referenced but does not exist
, replaced by a fixed one

pdfTeX warning (dest): name{Hfootnote.2} has been referenced but does not exist
, replaced by a fixed one

pdfTeX warning (dest): name{Hfootnote.1} has been referenced but does not exist
, replaced by a fixed one

{/usr/share/texlive/texmf-dist/fonts/enc/dvips/base/8r.enc}{/usr/share/texmf/fo
nts/enc/dvips/cm-super/cm-super-t1.enc}</usr/share/texlive/texmf-dist/fonts/typ
e1/public/amsfonts/cm/cmr10.pfb></usr/share/texlive/texmf-dist/fonts/type1/publ
ic/amsfonts/cm/cmsy10.pfb></usr/share/texlive/texmf-dist/fonts/type1/public/eur
osym/feymr10.pfb></usr/share/texlive/texmf-dist/fonts/type1/public/mathpazo/fpl
mr.pfb></usr/share/texmf/fonts/type1/public/cm-super/sfss1095.pfb></usr/share/t
exmf/fonts/type1/public/cm-super/sfss1440.pfb></usr/share/texmf/fonts/type1/pub
lic/cm-super/sfsx1095.pfb></usr/share/texmf/fonts/type1/public/cm-super/sfsx120
0.pfb></usr/share/texmf/fonts/type1/public/cm-super/sfsx1440.pfb></usr/share/te
xmf/fonts/type1/public/cm-super/sfsx1728.pfb></usr/share/texmf/fonts/type1/publ
ic/cm-super/sfsx2074.pfb></usr/share/texmf/fonts/type1/public/cm-super/sftt0900
.pfb></usr/share/texmf/fonts/type1/public/cm-super/sftt1095.pfb></usr/share/tex
live/texmf-dist/fonts/type1/urw/palatino/uplb8a.pfb></usr/share/texlive/texmf-d
ist/fonts/type1/urw/palatino/uplr8a.pfb></usr/share/texlive/texmf-dist/fonts/ty
pe1/urw/palatino/uplr8a.pfb></usr/share/texlive/texmf-dist/fonts/type1/urw/pala
tino/uplri8a.pfb></usr/share/texlive/texmf-dist/fonts/type1/urw/zapfding/uzdr.p
fb>
Output written on paper.pdf (73 pages, 5503729 bytes).
PDF statistics:
 1025 PDF objects out of 1200 (max. 8388607)
 851 compressed objects within 9 object streams
 223 named destinations out of 1000 (max. 500000)
 613 words of extra memory for PDF output out of 10000 (max. 10000000)

